2023-10-06 10:11:16,443 [INFO] Activator:176 - 


2023-10-06 10:11:16,444 [INFO] Activator:177 - !SESSION log4j initialized
2023-10-06 10:11:18,866 [INFO] LogOutputStream:77 - [STDOUT_REDIRECT] 
2023-10-06 10:11:19,395 [INFO] ApplicationProperties:184 - Using Application install path: /opt/stm32cubeide/plugins/com.st.stm32cube.common.mx_6.9.1.202307191849
2023-10-06 10:11:19,429 [INFO] DbMcusXml:78 - Set database path to: /opt/stm32cubeide/plugins/com.st.stm32cube.common.mx_6.9.1.202307191849//db//mcu/
2023-10-06 10:11:19,431 [INFO] ApiDb:274 - Set plugin database path to: /opt/stm32cubeide/plugins/com.st.stm32cube.common.mx_6.9.1.202307191849//db//plugins/boardmanager/
2023-10-06 10:11:19,433 [WARN] ApiDb:259 - Overriding images path with different value:  => /opt/stm32cubeide/plugins/com.st.stm32cube.common.mx_6.9.1.202307191849//db//plugins/mcufinder/images/
2023-10-06 10:11:19,460 [INFO] ApiDb:250 - Set database path to: /home/hronoz/.stmcufinder/plugins/mcufinder//mcu/
2023-10-06 10:11:19,462 [INFO] DbMcusAds:125 - Set database path to: /home/hronoz/.stmcufinder/plugins/mcufinder//mcu/
2023-10-06 10:11:19,465 [INFO] CrossReferenceDbSqlite:203 - Set database path to: /home/hronoz/.stmcufinder/plugins/mcufinder//mcu/cs/
2023-10-06 10:11:19,684 [INFO] RulesReader:64 - Compatibility file has been processed (293 Rules)
2023-10-06 10:11:19,799 [INFO] DbMcusXml:78 - Set database path to: /opt/stm32cubeide/plugins/com.st.stm32cube.common.mx_6.9.1.202307191849//db//mcu/
2023-10-06 10:11:19,799 [INFO] ApiDb:274 - Set plugin database path to: /opt/stm32cubeide/plugins/com.st.stm32cube.common.mx_6.9.1.202307191849//db//plugins/boardmanager/
2023-10-06 10:11:19,800 [INFO] ApiDb:261 - Set plugin images path to: /opt/stm32cubeide/plugins/com.st.stm32cube.common.mx_6.9.1.202307191849//db//plugins/mcufinder/images/
2023-10-06 10:11:19,800 [WARN] DbFile:41 - Overriding database path with different value: /home/hronoz/.stmcufinder/plugins/mcufinder/ => /home/hronoz/.stmcufinder/plugins/mcufinder
2023-10-06 10:11:19,801 [INFO] ApiDb:250 - Set database path to: /home/hronoz/.stmcufinder/plugins/mcufinder//mcu/
2023-10-06 10:11:19,801 [WARN] DbFile:41 - Overriding database path with different value: /home/hronoz/.stmcufinder/plugins/mcufinder/ => /home/hronoz/.stmcufinder/plugins/mcufinder
2023-10-06 10:11:19,802 [INFO] DbMcusAds:125 - Set database path to: /home/hronoz/.stmcufinder/plugins/mcufinder//mcu/
2023-10-06 10:11:19,803 [WARN] DbFile:41 - Overriding database path with different value: /home/hronoz/.stmcufinder/plugins/mcufinder/ => /home/hronoz/.stmcufinder/plugins/mcufinder
2023-10-06 10:11:19,805 [WARN] DbFile:41 - Overriding database path with different value: /home/hronoz/.stmcufinder/plugins/mcufinder/ => /home/hronoz/.stmcufinder/plugins/mcufinder
2023-10-06 10:11:19,805 [INFO] CrossReferenceDbSqlite:203 - Set database path to: /home/hronoz/.stmcufinder/plugins/mcufinder//mcu/cs/
2023-10-06 10:11:20,018 [INFO] MainPanel:262 - HeapMemory: 268435456
2023-10-06 10:11:20,261 [INFO] DbMcusXml:78 - Set database path to: /opt/stm32cubeide/plugins/com.st.stm32cube.common.mx_6.9.1.202307191849//db//mcu/
2023-10-06 10:11:20,262 [INFO] ApiDb:274 - Set plugin database path to: /opt/stm32cubeide/plugins/com.st.stm32cube.common.mx_6.9.1.202307191849//db//plugins/boardmanager/
2023-10-06 10:11:20,262 [INFO] ApiDb:261 - Set plugin images path to: /opt/stm32cubeide/plugins/com.st.stm32cube.common.mx_6.9.1.202307191849//db//plugins/mcufinder/images/
2023-10-06 10:11:20,264 [WARN] DbFile:41 - Overriding database path with different value: /home/hronoz/.stmcufinder/plugins/mcufinder/ => /home/hronoz/.stmcufinder/plugins/mcufinder
2023-10-06 10:11:20,265 [INFO] ApiDb:250 - Set database path to: /home/hronoz/.stmcufinder/plugins/mcufinder//mcu/
2023-10-06 10:11:20,266 [WARN] DbFile:41 - Overriding database path with different value: /home/hronoz/.stmcufinder/plugins/mcufinder/ => /home/hronoz/.stmcufinder/plugins/mcufinder
2023-10-06 10:11:20,267 [INFO] DbMcusAds:125 - Set database path to: /home/hronoz/.stmcufinder/plugins/mcufinder//mcu/
2023-10-06 10:11:20,267 [WARN] DbFile:41 - Overriding database path with different value: /home/hronoz/.stmcufinder/plugins/mcufinder/ => /home/hronoz/.stmcufinder/plugins/mcufinder
2023-10-06 10:11:20,268 [WARN] DbFile:41 - Overriding database path with different value: /home/hronoz/.stmcufinder/plugins/mcufinder/ => /home/hronoz/.stmcufinder/plugins/mcufinder
2023-10-06 10:11:20,268 [INFO] CrossReferenceDbSqlite:203 - Set database path to: /home/hronoz/.stmcufinder/plugins/mcufinder//mcu/cs/
2023-10-06 10:11:20,310 [INFO] ApplicationProperties:184 - Using Application install path: /opt/stm32cubeide/plugins/com.st.stm32cube.common.mx_6.9.1.202307191849
2023-10-06 10:11:20,316 [INFO] PluginManage:196 - Search for loadable plugins [exclusion list=, ]
2023-10-06 10:11:20,319 [INFO] PluginManage:310 - Check plugin analytics
2023-10-06 10:11:20,704 [INFO] AnalyticsPlugin:253 - Accepted Software Licenses: 
2023-10-06 10:11:20,705 [INFO] AnalyticsPlugin:255 - Accepted CMSIS Pack Licenses: 
2023-10-06 10:11:20,706 [INFO] AnalyticsPlugin:257 - Accepted Firmware Licenses: FW.L4.1.18.0
2023-10-06 10:11:20,726 [INFO] PluginManage:359 - Loaded plugin analytics (category:tool,tabindex:-1)
2023-10-06 10:11:20,728 [INFO] PluginManage:310 - Check plugin cadmodel
2023-10-06 10:11:20,864 [INFO] CADModel:105 - Init CAD model plugin
2023-10-06 10:11:20,865 [INFO] PluginManage:359 - Loaded plugin cadmodel (category:power,tabindex:5)
2023-10-06 10:11:20,866 [INFO] PluginManage:310 - Check plugin clock
2023-10-06 10:11:20,907 [INFO] PluginManage:359 - Loaded plugin clock (category:base,tabindex:2)
2023-10-06 10:11:20,909 [INFO] PluginManage:310 - Check plugin ddr
2023-10-06 10:11:20,918 [INFO] PluginManage:359 - Loaded plugin ddr (category:tool,tabindex:6)
2023-10-06 10:11:20,920 [INFO] PluginManage:310 - Check plugin filemanager
2023-10-06 10:11:21,130 [INFO] PluginManage:359 - Loaded plugin filemanager (category:base,tabindex:10)
2023-10-06 10:11:21,131 [INFO] PluginManage:310 - Check plugin ipmanager
2023-10-06 10:11:21,136 [INFO] PluginManage:359 - Loaded plugin ipmanager (category:base,tabindex:5)
2023-10-06 10:11:21,137 [INFO] PluginManage:310 - Check plugin lpbam
2023-10-06 10:11:21,143 [INFO] PluginManage:359 - Loaded plugin lpbam (category:base,tabindex:0)
2023-10-06 10:11:21,144 [INFO] PluginManage:310 - Check plugin memorymap
2023-10-06 10:11:21,150 [INFO] PluginManage:359 - Loaded plugin memorymap (category:base,tabindex:4)
2023-10-06 10:11:21,150 [INFO] PluginManage:310 - Check plugin pinoutandconfiguration
2023-10-06 10:11:21,154 [INFO] PluginManage:359 - Loaded plugin pinoutandconfiguration (category:base,tabindex:1)
2023-10-06 10:11:21,154 [INFO] PluginManage:310 - Check plugin pinoutconfig
2023-10-06 10:11:21,278 [WARN] SupportedApi:132 - Cannot load RTOS API schema: s4s-elt-must-match.1: The content of 'definitions' must match (annotation?, (simpleType | complexType)?, (unique | key | keyref)*)). A problem was found starting at: attribute.
2023-10-06 10:11:21,417 [INFO] PluginManage:359 - Loaded plugin pinoutconfig (category:base,tabindex:0)
2023-10-06 10:11:21,417 [INFO] PluginManage:310 - Check plugin power
2023-10-06 10:11:21,423 [INFO] PluginManage:359 - Loaded plugin power (category:power,tabindex:4)
2023-10-06 10:11:21,423 [INFO] PluginManage:310 - Check plugin projectmanager
2023-10-06 10:11:21,434 [INFO] PluginManage:359 - Loaded plugin projectmanager (category:projectmanager,tabindex:3)
2023-10-06 10:11:21,434 [INFO] PluginManage:310 - Check plugin thirdparty
2023-10-06 10:11:21,523 [INFO] PluginManage:359 - Loaded plugin thirdparty (category:base,tabindex:-1)
2023-10-06 10:11:21,523 [WARN] IntegrityCheckThread:84 - waiting for thirdparty lock release [integrity check]
2023-10-06 10:11:21,523 [INFO] PluginManage:310 - Check plugin tools
2023-10-06 10:11:21,523 [INFO] IntegrityCheckThread:86 - entering critical section [integrity check]
2023-10-06 10:11:21,523 [INFO] ThirdPartyUpdaterWithRetryManager:70 - Updater plugin not ready yet. [1/15]
2023-10-06 10:11:21,525 [INFO] PluginManage:359 - Loaded plugin tools (category:base,tabindex:7)
2023-10-06 10:11:21,525 [INFO] PluginManage:310 - Check plugin tutovideos
2023-10-06 10:11:21,629 [INFO] PluginManage:359 - Loaded plugin tutovideos (category:base,tabindex:-1)
2023-10-06 10:11:21,629 [INFO] PluginManage:310 - Check plugin updater
2023-10-06 10:11:21,636 [INFO] PluginManage:359 - Loaded plugin updater (category:base,tabindex:12)
2023-10-06 10:11:21,636 [INFO] PluginManage:310 - Check plugin userauth
2023-10-06 10:11:21,643 [INFO] UserAuth:113 - Init User Auth plugin
2023-10-06 10:11:21,643 [INFO] PluginManage:359 - Loaded plugin userauth (category:base,tabindex:14)
2023-10-06 10:11:21,644 [INFO] PluginManage:283 - PluginManage : Loaded plugins [17]
2023-10-06 10:11:21,900 [INFO] PinOutPanel:1499 - setPackage(No Configuration,No Configuration)
2023-10-06 10:11:21,980 [INFO] CADModel:165 - CPN selected for project level
2023-10-06 10:11:21,980 [INFO] CADModel:114 - Register for checkConnection events
2023-10-06 10:11:21,998 [INFO] IPUIPlugin:80 - create IPUIPlugin
2023-10-06 10:11:21,998 [INFO] PluginManager:220 - loadIPPluginJar : add adc
2023-10-06 10:11:22,000 [INFO] IPUIPlugin:80 - create IPUIPlugin
2023-10-06 10:11:22,001 [INFO] PluginManager:220 - loadIPPluginJar : add aes
2023-10-06 10:11:22,003 [INFO] IPUIPlugin:80 - create IPUIPlugin
2023-10-06 10:11:22,003 [INFO] PluginManager:220 - loadIPPluginJar : add can
2023-10-06 10:11:22,004 [INFO] IPUIPlugin:80 - create IPUIPlugin
2023-10-06 10:11:22,005 [INFO] PluginManager:220 - loadIPPluginJar : add comp
2023-10-06 10:11:22,007 [INFO] IPUIPlugin:80 - create IPUIPlugin
2023-10-06 10:11:22,007 [INFO] PluginManager:220 - loadIPPluginJar : add cryp
2023-10-06 10:11:22,009 [INFO] IPUIPlugin:80 - create IPUIPlugin
2023-10-06 10:11:22,009 [INFO] PluginManager:220 - loadIPPluginJar : add dfsdm
2023-10-06 10:11:22,013 [INFO] IPUIPlugin:80 - create IPUIPlugin
2023-10-06 10:11:22,014 [INFO] PluginManager:220 - loadIPPluginJar : add dma
2023-10-06 10:11:22,016 [INFO] IPUIPlugin:80 - create IPUIPlugin
2023-10-06 10:11:22,016 [INFO] PluginManager:220 - loadIPPluginJar : add dma3
2023-10-06 10:11:22,017 [INFO] IPUIPlugin:80 - create IPUIPlugin
2023-10-06 10:11:22,017 [INFO] PluginManager:220 - loadIPPluginJar : add fatfs
2023-10-06 10:11:22,021 [INFO] IPUIPlugin:80 - create IPUIPlugin
2023-10-06 10:11:22,021 [INFO] PluginManager:220 - loadIPPluginJar : add fmc
2023-10-06 10:11:22,025 [INFO] IPUIPlugin:80 - create IPUIPlugin
2023-10-06 10:11:22,026 [INFO] PluginManager:220 - loadIPPluginJar : add freertos
2023-10-06 10:11:22,027 [INFO] IPUIPlugin:80 - create IPUIPlugin
2023-10-06 10:11:22,027 [INFO] PluginManager:220 - loadIPPluginJar : add genericplugin
2023-10-06 10:11:22,028 [INFO] IPUIPlugin:80 - create IPUIPlugin
2023-10-06 10:11:22,028 [INFO] PluginManager:220 - loadIPPluginJar : add gfxmmu
2023-10-06 10:11:22,032 [INFO] IPUIPlugin:80 - create IPUIPlugin
2023-10-06 10:11:22,032 [INFO] PluginManager:220 - loadIPPluginJar : add gic
2023-10-06 10:11:22,037 [INFO] IPUIPlugin:80 - create IPUIPlugin
2023-10-06 10:11:22,038 [INFO] PluginManager:220 - loadIPPluginJar : add gpio
2023-10-06 10:11:22,040 [INFO] IPUIPlugin:80 - create IPUIPlugin
2023-10-06 10:11:22,040 [INFO] PluginManager:220 - loadIPPluginJar : add gtzc
2023-10-06 10:11:22,042 [INFO] IPUIPlugin:80 - create IPUIPlugin
2023-10-06 10:11:22,042 [INFO] PluginManager:220 - loadIPPluginJar : add hash
2023-10-06 10:11:22,045 [INFO] IPUIPlugin:80 - create IPUIPlugin
2023-10-06 10:11:22,045 [INFO] PluginManager:220 - loadIPPluginJar : add i2c
2023-10-06 10:11:22,050 [INFO] IPUIPlugin:80 - create IPUIPlugin
2023-10-06 10:11:22,050 [INFO] PluginManager:220 - loadIPPluginJar : add i2s
2023-10-06 10:11:22,053 [INFO] IPUIPlugin:80 - create IPUIPlugin
2023-10-06 10:11:22,054 [INFO] PluginManager:220 - loadIPPluginJar : add i3c
2023-10-06 10:11:22,060 [INFO] IPUIPlugin:80 - create IPUIPlugin
2023-10-06 10:11:22,060 [INFO] PluginManager:220 - loadIPPluginJar : add ipddr
2023-10-06 10:11:22,067 [INFO] IPUIPlugin:80 - create IPUIPlugin
2023-10-06 10:11:22,068 [INFO] PluginManager:220 - loadIPPluginJar : add linkedlist
2023-10-06 10:11:22,071 [INFO] IPUIPlugin:80 - create IPUIPlugin
2023-10-06 10:11:22,071 [INFO] PluginManager:220 - loadIPPluginJar : add lorawan
2023-10-06 10:11:22,072 [INFO] IPUIPlugin:80 - create IPUIPlugin
2023-10-06 10:11:22,073 [INFO] PluginManager:220 - loadIPPluginJar : add ltdc
2023-10-06 10:11:22,078 [INFO] IPUIPlugin:80 - create IPUIPlugin
2023-10-06 10:11:22,078 [INFO] PluginManager:220 - loadIPPluginJar : add mdma
2023-10-06 10:11:22,080 [INFO] IPUIPlugin:80 - create IPUIPlugin
2023-10-06 10:11:22,080 [INFO] PluginManager:220 - loadIPPluginJar : add nvic
2023-10-06 10:11:22,082 [INFO] IPUIPlugin:80 - create IPUIPlugin
2023-10-06 10:11:22,082 [INFO] PluginManager:220 - loadIPPluginJar : add opamp
2023-10-06 10:11:22,083 [INFO] IPUIPlugin:80 - create IPUIPlugin
2023-10-06 10:11:22,083 [INFO] PluginManager:220 - loadIPPluginJar : add openamp
2023-10-06 10:11:22,085 [INFO] IPUIPlugin:80 - create IPUIPlugin
2023-10-06 10:11:22,085 [INFO] PluginManager:220 - loadIPPluginJar : add pdm2pcm
2023-10-06 10:11:22,088 [INFO] IPUIPlugin:80 - create IPUIPlugin
2023-10-06 10:11:22,089 [INFO] PluginManager:220 - loadIPPluginJar : add plateformsettings
2023-10-06 10:11:22,090 [INFO] IPUIPlugin:80 - create IPUIPlugin
2023-10-06 10:11:22,090 [INFO] PluginManager:220 - loadIPPluginJar : add quadspi
2023-10-06 10:11:22,092 [INFO] IPUIPlugin:80 - create IPUIPlugin
2023-10-06 10:11:22,092 [INFO] PluginManager:220 - loadIPPluginJar : add resmgrutility
2023-10-06 10:11:22,094 [INFO] IPUIPlugin:80 - create IPUIPlugin
2023-10-06 10:11:22,094 [INFO] PluginManager:220 - loadIPPluginJar : add sai
2023-10-06 10:11:22,095 [INFO] IPUIPlugin:80 - create IPUIPlugin
2023-10-06 10:11:22,095 [INFO] PluginManager:220 - loadIPPluginJar : add spi
2023-10-06 10:11:22,098 [INFO] IPUIPlugin:80 - create IPUIPlugin
2023-10-06 10:11:22,099 [INFO] PluginManager:220 - loadIPPluginJar : add stm32_wpan
2023-10-06 10:11:22,100 [INFO] IPUIPlugin:80 - create IPUIPlugin
2023-10-06 10:11:22,100 [INFO] PluginManager:220 - loadIPPluginJar : add tim
2023-10-06 10:11:22,101 [INFO] IPUIPlugin:80 - create IPUIPlugin
2023-10-06 10:11:22,101 [INFO] PluginManager:220 - loadIPPluginJar : add touchsensing
2023-10-06 10:11:22,103 [INFO] IPUIPlugin:80 - create IPUIPlugin
2023-10-06 10:11:22,103 [INFO] PluginManager:220 - loadIPPluginJar : add tracer_emb
2023-10-06 10:11:22,104 [INFO] IPUIPlugin:80 - create IPUIPlugin
2023-10-06 10:11:22,104 [INFO] PluginManager:220 - loadIPPluginJar : add ts
2023-10-06 10:11:22,105 [INFO] IPUIPlugin:80 - create IPUIPlugin
2023-10-06 10:11:22,106 [INFO] PluginManager:220 - loadIPPluginJar : add tsc
2023-10-06 10:11:22,107 [INFO] IPUIPlugin:80 - create IPUIPlugin
2023-10-06 10:11:22,107 [INFO] PluginManager:220 - loadIPPluginJar : add ucpd
2023-10-06 10:11:22,108 [INFO] IPUIPlugin:80 - create IPUIPlugin
2023-10-06 10:11:22,109 [INFO] PluginManager:220 - loadIPPluginJar : add usart
2023-10-06 10:11:22,110 [INFO] IPUIPlugin:80 - create IPUIPlugin
2023-10-06 10:11:22,110 [INFO] PluginManager:220 - loadIPPluginJar : add usbx
2023-10-06 10:11:22,202 [INFO] CADModel:165 - CPN selected for project level
2023-10-06 10:11:22,202 [INFO] CADModel:114 - Register for checkConnection events
2023-10-06 10:11:22,202 [FATAL] Updater:308 - Updater called before beeing initialized
2023-10-06 10:11:22,202 [ERROR] CADModel:125 - Updater not yet initialized, retry later 
2023-10-06 10:11:22,289 [INFO] CADModel:165 - CPN selected for project level
2023-10-06 10:11:22,289 [INFO] CADModel:114 - Register for checkConnection events
2023-10-06 10:11:22,289 [FATAL] Updater:308 - Updater called before beeing initialized
2023-10-06 10:11:22,289 [ERROR] CADModel:125 - Updater not yet initialized, retry later 
2023-10-06 10:11:22,292 [FATAL] Updater:308 - Updater called before beeing initialized
2023-10-06 10:11:22,351 [FATAL] Updater:308 - Updater called before beeing initialized
2023-10-06 10:11:22,355 [INFO] DbMcusAds:53 - JSON generation date=Tue Mar 07 11:50:55 MSK 2023 (1678179055114)
2023-10-06 10:11:22,355 [FATAL] Updater:308 - Updater called before beeing initialized
2023-10-06 10:11:22,382 [WARN] DetailPanel:346 - Failed to get advertising image, set to default
2023-10-06 10:11:22,442 [FATAL] Updater:308 - Updater called before beeing initialized
2023-10-06 10:11:22,443 [FATAL] Updater:308 - Updater called before beeing initialized
2023-10-06 10:11:22,443 [FATAL] Updater:308 - Updater called before beeing initialized
2023-10-06 10:11:22,443 [WARN] DetailPanel:346 - Failed to get advertising image, set to default
2023-10-06 10:11:22,444 [FATAL] Updater:308 - Updater called before beeing initialized
2023-10-06 10:11:22,475 [ERROR] Updater:1120 - MainUpdater not yet initialized. External WinMGr cannot be set.
2023-10-06 10:11:22,476 [INFO] Updater:1056 - Updater Version found : 6.9.1
2023-10-06 10:11:22,500 [INFO] ApplicationProperties:184 - Using Application install path: /opt/stm32cubeide/plugins/com.st.stm32cube.common.mx_6.9.1.202307191849
2023-10-06 10:11:22,705 [INFO] MainUpdater:2868 - connection check result : 10
2023-10-06 10:11:22,706 [INFO] MainUpdater:285 - Updater Check For Update Now.
2023-10-06 10:11:22,706 [INFO] MicroXplorer:498 - Change Database Version : DB.6.0.91
2023-10-06 10:11:22,710 [INFO] McuFinderGlobals:63 - Set McuFinder mode to 2 (CubeIDE integrated)
2023-10-06 10:11:22,905 [INFO] CheckServerUpdateThread:120 - End of CheckServer Thread
2023-10-06 10:11:24,772 [WARN] PackLoader:240 - Cannot read IP mode file for STMicroelectronics.X-CUBE-SMBUS.2.1.0
2023-10-06 10:11:24,916 [WARN] PackLoader:240 - Cannot read IP mode file for STMicroelectronics.X-CUBE-AZRTOS-F7.1.1.0
2023-10-06 10:11:24,962 [WARN] PackLoader:240 - Cannot read IP mode file for STMicroelectronics.FP-SNS-MOTENV1.4.3.2
2023-10-06 10:11:24,988 [WARN] PackLoader:240 - Cannot read IP mode file for STMicroelectronics.FP-SNS-FLIGHT1.5.0.2
2023-10-06 10:11:25,020 [WARN] PackLoader:240 - Cannot read IP mode file for STMicroelectronics.X-CUBE-DISPLAY.3.0.0
2023-10-06 10:11:25,070 [WARN] PackLoader:240 - Cannot read IP mode file for STMicroelectronics.X-CUBE-BLE1.7.0.0
2023-10-06 10:11:25,088 [WARN] PackLoader:240 - Cannot read IP mode file for emotas.I-CUBE-CANOPEN.1.3.0
2023-10-06 10:11:25,106 [WARN] PackLoader:240 - Cannot read IP mode file for STMicroelectronics.X-CUBE-TOUCHGFX.4.22.0
2023-10-06 10:11:25,116 [WARN] PackLoader:240 - Cannot read IP mode file for STMicroelectronics.X-CUBE-TOUCHGFX.4.22.1
2023-10-06 10:11:25,132 [WARN] PackLoader:240 - Cannot read IP mode file for STMicroelectronics.FP-SNS-SMARTAG2.1.2.0
2023-10-06 10:11:25,168 [INFO] LogOutputStream:77 - [STDOUT_REDIRECT] 1 : Invalid condition id : UX_CORESTACK_Condition cause : null
2023-10-06 10:11:25,172 [INFO] LogOutputStream:77 - [STDOUT_REDIRECT] 1 : Invalid condition id : UX_CORESTACK_Condition cause : null
2023-10-06 10:11:25,174 [INFO] LogOutputStream:77 - [STDOUT_REDIRECT] 1 : Invalid condition id : UX_CORESTACK_Condition cause : null
2023-10-06 10:11:25,176 [INFO] LogOutputStream:77 - [STDOUT_REDIRECT] 1 : Invalid condition id : UX_CORESTACK_Condition cause : null
2023-10-06 10:11:25,179 [INFO] LogOutputStream:77 - [STDOUT_REDIRECT] 1 : Invalid condition id : UX_CORESTACK_Condition cause : null
2023-10-06 10:11:25,198 [WARN] PackLoader:240 - Cannot read IP mode file for STMicroelectronics.X-CUBE-AZRTOS-WL.2.0.0
2023-10-06 10:11:25,231 [WARN] PackLoader:240 - Cannot read IP mode file for WES.I-CUBE-Cesium.1.3.0
2023-10-06 10:11:25,251 [WARN] PackLoader:240 - Cannot read IP mode file for STMicroelectronics.X-CUBE-BLE2.3.3.0
2023-10-06 10:11:25,280 [WARN] PackLoader:240 - Cannot read IP mode file for STMicroelectronics.X-CUBE-ALGOBUILD.1.3.0
2023-10-06 10:11:25,352 [WARN] PackLoader:240 - Cannot read IP mode file for STMicroelectronics.X-CUBE-AZRTOS-G0.1.1.0
2023-10-06 10:11:25,384 [WARN] PackLoader:240 - Cannot read IP mode file for STMicroelectronics.X-CUBE-NFC4.3.0.0
2023-10-06 10:11:25,403 [WARN] PackLoader:240 - Cannot read IP mode file for STMicroelectronics.FP-ATR-SIGFOX1.3.2.0
2023-10-06 10:11:25,532 [WARN] PackLoader:240 - Cannot read IP mode file for SEGGER.I-CUBE-embOS.1.3.1
2023-10-06 10:11:25,674 [WARN] PackLoader:240 - Cannot read IP mode file for STMicroelectronics.X-CUBE-GNSS1.6.0.0
2023-10-06 10:11:25,727 [WARN] PackLoader:240 - Cannot read IP mode file for STMicroelectronics.X-CUBE-AZRTOS-F4.1.1.0
2023-10-06 10:11:25,735 [WARN] PackLoader:240 - Cannot read IP mode file for wolfSSL.I-CUBE-wolfSSL.5.6.3
2023-10-06 10:11:25,804 [WARN] PackLoader:240 - Cannot read IP mode file for STMicroelectronics.X-CUBE-AZRTOS-L5.2.0.0
2023-10-06 10:11:25,997 [WARN] PackLoader:240 - Cannot read IP mode file for STMicroelectronics.X-CUBE-MEMS1.9.6.0
2023-10-06 10:11:26,403 [WARN] PackLoader:240 - Cannot read IP mode file for ITTIA_DB.I-CUBE-ITTIADB.8.8.0
2023-10-06 10:11:26,422 [WARN] PackLoader:240 - Cannot read IP mode file for STMicroelectronics.X-CUBE-BLEMGR.2.0.0
2023-10-06 10:11:26,463 [WARN] ConditionMgr:438 - getConditionDescription Invalid condition id : UX DEVICE CLASS RTOS Condition cause : null
2023-10-06 10:11:26,464 [WARN] ConditionMgr:438 - getConditionDescription Invalid condition id : UX DEVICE CLASS RTOS Condition cause : null
2023-10-06 10:11:26,468 [WARN] PackLoader:240 - Cannot read IP mode file for STMicroelectronics.X-CUBE-AZRTOS-H7.3.1.0
2023-10-06 10:11:26,470 [WARN] ConditionMgr:1039 - genDependencies : Invalid condition id : UX DEVICE CLASS RTOS Condition cause : null
2023-10-06 10:11:26,470 [WARN] ConditionMgr:1039 - genDependencies : Invalid condition id : UX DEVICE CLASS RTOS Condition cause : null
2023-10-06 10:11:26,471 [WARN] ConditionMgr:1039 - genDependencies : Invalid condition id : UX DEVICE CLASS RTOS Condition cause : null
2023-10-06 10:11:26,473 [WARN] ConditionMgr:1039 - genDependencies : Invalid condition id : UX DEVICE CLASS RTOS Condition cause : null
2023-10-06 10:11:26,474 [WARN] ConditionMgr:1039 - genDependencies : Invalid condition id : UX DEVICE CLASS RTOS Condition cause : null
2023-10-06 10:11:26,486 [WARN] PackLoader:240 - Cannot read IP mode file for STMicroelectronics.X-CUBE-NFC7.1.0.1
2023-10-06 10:11:26,493 [WARN] PackLoader:240 - Cannot read IP mode file for STMicroelectronics.X-CUBE-NFC6.3.0.0
2023-10-06 10:11:26,500 [WARN] PackLoader:240 - Cannot read IP mode file for STMicroelectronics.X-CUBE-EEPRMA1.4.1.0
2023-10-06 10:11:26,505 [WARN] PackLoader:240 - Cannot read IP mode file for STMicroelectronics.X-CUBE-AI.8.1.0
2023-10-06 10:11:26,531 [WARN] ConditionMgr:438 - getConditionDescription Invalid condition id : LAN8742 Phy interface Condition cause : null
2023-10-06 10:11:26,532 [WARN] PackLoader:240 - Cannot read IP mode file for STMicroelectronics.X-CUBE-AZRTOS-L4.2.0.0
2023-10-06 10:11:26,534 [WARN] ConditionMgr:1039 - genDependencies : Invalid condition id : LAN8742 Phy interface Condition cause : null
2023-10-06 10:11:26,534 [WARN] ConditionMgr:1039 - genDependencies : Invalid condition id : LAN8742 Phy interface Condition cause : null
2023-10-06 10:11:26,535 [WARN] ConditionMgr:1039 - genDependencies : Invalid condition id : LAN8742 Phy interface Condition cause : null
2023-10-06 10:11:26,553 [WARN] PackLoader:240 - Cannot read IP mode file for STMicroelectronics.X-CUBE-SFXS2LP1.4.0.0
2023-10-06 10:11:26,559 [WARN] PackLoader:240 - Cannot read IP mode file for STMicroelectronics.X-CUBE-ISPU.1.1.0
2023-10-06 10:11:26,593 [WARN] ConditionMgr:438 - getConditionDescription Invalid condition id : UX DEVICE CLASS RTOS Condition cause : null
2023-10-06 10:11:26,595 [WARN] ConditionMgr:438 - getConditionDescription Invalid condition id : UX DEVICE CLASS RTOS Condition cause : null
2023-10-06 10:11:26,601 [WARN] PackLoader:240 - Cannot read IP mode file for STMicroelectronics.X-CUBE-AZRTOS-WB.2.0.0
2023-10-06 10:11:26,603 [WARN] ConditionMgr:1039 - genDependencies : Invalid condition id : UX DEVICE CLASS RTOS Condition cause : null
2023-10-06 10:11:26,603 [WARN] ConditionMgr:1039 - genDependencies : Invalid condition id : UX DEVICE CLASS RTOS Condition cause : null
2023-10-06 10:11:26,605 [WARN] ConditionMgr:1039 - genDependencies : Invalid condition id : UX DEVICE CLASS RTOS Condition cause : null
2023-10-06 10:11:26,606 [WARN] ConditionMgr:1039 - genDependencies : Invalid condition id : UX DEVICE CLASS RTOS Condition cause : null
2023-10-06 10:11:26,608 [WARN] ConditionMgr:1039 - genDependencies : Invalid condition id : UX DEVICE CLASS RTOS Condition cause : null
2023-10-06 10:11:26,644 [WARN] PackLoader:240 - Cannot read IP mode file for STMicroelectronics.X-CUBE-SUBG2.5.0.0
2023-10-06 10:11:26,692 [WARN] PackLoader:240 - Cannot read IP mode file for STMicroelectronics.X-CUBE-TOF1.3.3.1
2023-10-06 10:11:26,770 [WARN] PackLoader:240 - Cannot read IP mode file for STMicroelectronics.X-CUBE-AZRTOS-G4.2.0.0
2023-10-06 10:11:26,816 [WARN] PackLoader:240 - Cannot read IP mode file for STMicroelectronics.X-CUBE-FREERTOS.1.1.0
2023-10-06 10:11:26,833 [WARN] PackLoader:240 - Cannot read IP mode file for portGmbH.I-Cube-SoM-uGOAL.1.1.0
2023-10-06 10:11:26,847 [WARN] PackLoader:240 - Cannot read IP mode file for STMicroelectronics.X-CUBE-ALS.1.0.1
2023-10-06 10:11:26,866 [WARN] PackLoader:240 - Cannot read IP mode file for STMicroelectronics.FP-ATR-ASTRA1.2.0.0
2023-10-06 10:11:26,870 [INFO] ThirdParty:978 - Integrity check success = true
2023-10-06 10:11:26,871 [INFO] IntegrityCheckThread:100 - exiting critical section [integrity check]
2023-10-06 10:11:26,873 [INFO] IntegrityCheckThread:103 - End integrity checks thread
2023-10-06 10:11:43,934 [ERROR] LogOutputStream:75 - [STDERR_REDIRECT] SLF4J: Failed to load class "org.slf4j.impl.StaticLoggerBinder".
2023-10-06 10:11:43,936 [ERROR] LogOutputStream:75 - [STDERR_REDIRECT] SLF4J: Defaulting to no-operation (NOP) logger implementation
2023-10-06 10:11:43,936 [ERROR] LogOutputStream:75 - [STDERR_REDIRECT] SLF4J: See http://www.slf4j.org/codes.html#StaticLoggerBinder for further details.
2023-10-06 10:12:49,000 [INFO] McuFinderGlobals:63 - Set McuFinder mode to 2 (CubeIDE integrated)
2023-10-06 10:12:50,717 [INFO] MainUpdater:2868 - connection check result : 10
2023-10-06 10:12:50,718 [INFO] MainUpdater:2868 - connection check result : 10
2023-10-06 10:12:50,763 [INFO] MicroXplorer:468 - Change Database Path : 
2023-10-06 10:12:50,765 [INFO] MicroXplorer:498 - Change Database Version : DB.6.0.91
2023-10-06 10:12:50,773 [WARN] ThirdParty:871 - waiting for thirdparty lock release [close project]
2023-10-06 10:12:50,774 [INFO] ThirdParty:873 - entering critical section [close project]
2023-10-06 10:12:50,777 [INFO] ThirdParty:883 - exiting critical section [close project]
2023-10-06 10:12:50,780 [INFO] PinOutPanel:1499 - setPackage(No Configuration,No Configuration)
2023-10-06 10:12:50,796 [INFO] UtilMem:75 - Begin LoadConfig() Used Memory: 445048440 Bytes (662700032)
2023-10-06 10:12:50,797 [INFO] MicroXplorer:468 - Change Database Path : 
2023-10-06 10:12:50,798 [INFO] MicroXplorer:498 - Change Database Version : DB.6.0.91
2023-10-06 10:12:50,798 [INFO] OpenFileManager:308 - Change cursor
2023-10-06 10:12:50,845 [INFO] Mcu:1946 - Initializing MCU STM32F103C(8-B)Tx STM32F103C8Tx STM32F103C8T6
2023-10-06 10:12:52,013 [INFO] Context:659 - Trying to add GPIOservice into a context  which must be forbidden
2023-10-06 10:12:52,449 [INFO] RtosManager:555 - Registered RTOS mode: class=CMSIS, group=RTOS, mode=CMSIS_V1, owner=FREERTOS
2023-10-06 10:12:52,449 [INFO] RtosManager:555 - Registered RTOS mode: class=CMSIS, group=RTOS2, mode=CMSIS_V2, owner=FREERTOS
2023-10-06 10:12:52,449 [INFO] RtosManager:555 - Registered RTOS mode: class=RTOS, group=Core, mode=CMSIS_V1, owner=FREERTOS
2023-10-06 10:12:52,449 [INFO] RtosManager:555 - Registered RTOS mode: class=RTOS, group=Core, mode=CMSIS_V2, owner=FREERTOS
2023-10-06 10:12:52,449 [WARN] ModelIntegratedComponent:184 - Missing modes for component STMicroelectronics:FreeRTOS:0.0.1:STMicroelectronics:RTOS:FreeRTOS:Core:::10.2.0:
2023-10-06 10:12:52,462 [WARN] ModelIntegratedComponent:63 - No mode defined for component null
2023-10-06 10:12:52,462 [WARN] ModelIntegratedComponent:63 - No mode defined for component null
2023-10-06 10:12:52,463 [WARN] ModelIntegratedComponent:63 - No mode defined for component null
2023-10-06 10:12:52,463 [WARN] ModelIntegratedComponent:63 - No mode defined for component null
2023-10-06 10:12:52,463 [WARN] ModelIntegratedComponent:63 - No mode defined for component null
2023-10-06 10:12:52,463 [WARN] ModelIntegratedComponent:63 - No mode defined for component null
2023-10-06 10:12:52,463 [WARN] ModelIntegratedComponent:63 - No mode defined for component null
2023-10-06 10:12:52,463 [WARN] ModelIntegratedComponent:63 - No mode defined for component null
2023-10-06 10:12:52,463 [WARN] ModelIntegratedComponent:63 - No mode defined for component null
2023-10-06 10:12:52,463 [WARN] ModelIntegratedComponent:63 - No mode defined for component null
2023-10-06 10:12:52,463 [WARN] ModelIntegratedComponent:63 - No mode defined for component null
2023-10-06 10:12:52,463 [WARN] ModelIntegratedComponent:63 - No mode defined for component null
2023-10-06 10:12:52,463 [WARN] ModelIntegratedComponent:63 - No mode defined for component null
2023-10-06 10:12:52,463 [WARN] ModelIntegratedComponent:63 - No mode defined for component null
2023-10-06 10:12:52,463 [WARN] ModelIntegratedComponent:63 - No mode defined for component null
2023-10-06 10:12:52,463 [WARN] ModelIntegratedComponent:63 - No mode defined for component null
2023-10-06 10:12:52,464 [WARN] ModelIntegratedComponent:63 - No mode defined for component null
2023-10-06 10:12:52,464 [WARN] ModelIntegratedComponent:63 - No mode defined for component null
2023-10-06 10:12:52,464 [WARN] ModelIntegratedComponent:63 - No mode defined for component null
2023-10-06 10:12:52,464 [WARN] ModelIntegratedComponent:63 - No mode defined for component null
2023-10-06 10:12:52,464 [WARN] ModelIntegratedComponent:63 - No mode defined for component null
2023-10-06 10:12:52,464 [WARN] ModelIntegratedComponent:63 - No mode defined for component null
2023-10-06 10:12:52,464 [WARN] ModelIntegratedComponent:63 - No mode defined for component null
2023-10-06 10:12:52,464 [WARN] ModelIntegratedComponent:63 - No mode defined for component null
2023-10-06 10:12:52,464 [WARN] ModelIntegratedComponent:63 - No mode defined for component null
2023-10-06 10:12:52,464 [WARN] ModelIntegratedComponent:63 - No mode defined for component null
2023-10-06 10:12:52,464 [WARN] ModelIntegratedComponent:63 - No mode defined for component null
2023-10-06 10:12:52,464 [WARN] ModelIntegratedComponent:63 - No mode defined for component null
2023-10-06 10:12:52,464 [WARN] ModelIntegratedComponent:63 - No mode defined for component null
2023-10-06 10:12:52,464 [WARN] ModelIntegratedComponent:63 - No mode defined for component null
2023-10-06 10:12:52,464 [WARN] ModelIntegratedComponent:63 - No mode defined for component null
2023-10-06 10:12:52,465 [WARN] ModelIntegratedComponent:63 - No mode defined for component null
2023-10-06 10:12:52,465 [WARN] ModelIntegratedComponent:63 - No mode defined for component null
2023-10-06 10:12:52,483 [INFO] ThirdPartyModel:298 - Start build external matchings
2023-10-06 10:12:52,851 [INFO] ThirdPartyModel:316 - End build external matchings
2023-10-06 10:12:52,867 [INFO] ImportTextPane:194 - (OptionalMessage_ERROR) IP (RCC) : Parameter (ADCFreqValue) has invalid value (18000000)
2023-10-06 10:12:52,868 [INFO] ImportTextPane:194 - (OptionalMessage_ERROR) IP (RCC) : Invalid parameter (FamilyName)
2023-10-06 10:12:52,869 [INFO] ImportTextPane:194 - (OptionalMessage_ERROR) IP (RCC) : Parameter (USBFreq_Value) has invalid value (36000000)
2023-10-06 10:12:53,005 [INFO] UtilMem:75 - End LoadConfig() Used Memory: 396475568 Bytes (833617920)
2023-10-06 10:12:53,141 [INFO] ApiDb:581 - Connected to CubeFinder SQLite database (/home/hronoz/.stmcufinder/plugins/mcufinder/mcu/cube-finder-db.db)
2023-10-06 10:12:53,232 [INFO] ApiDb:668 - CubeFinder database Data Model version=2.1
2023-10-06 10:12:53,233 [INFO] ApiDb:669 - CubeFinder database Configuration version=3.0.37
2023-10-06 10:12:53,233 [INFO] ApiDb:670 - CubeFinder database generation date=2023-08-09 (1691586011)
2023-10-06 10:12:53,233 [INFO] ApiDb:671 - CubeFinder database FW Pack versions=[FP-ATR-ASTRA1_V2.0.0, FP-SNS-FLIGHT1_V5.0.1, FP-SNS-FLIGHT1_V5.0.2, FP-SNS-MOTENV1_V4.3.1, FP-SNS-MOTENV1_V4.3.2, STM32Cube_FW_C0_V1.1.0, STM32Cube_FW_F4_V1.27.1, STM32Cube_FW_F7_V1.17.0, STM32Cube_FW_G0_V1.6.1, STM32Cube_FW_G4_V1.5.1, STM32Cube_FW_H5_V0.5.1, STM32Cube_FW_H5_V1.1.0, STM32Cube_FW_H7_V1.11.0, STM32Cube_FW_L0_V1.12.2, STM32Cube_FW_L5_V1.5.0, STM32Cube_FW_U5_V1.3.0, STM32Cube_FW_U5_V1.3.0RC4, STM32Cube_FW_WBA_V1.0.0RC1, STM32Cube_FW_WBA_V1.1.0, STM32Cube_FW_WBA_V1.1.0RC1, STM32Cube_FW_WB_V1.15.0RC1, STM32Cube_FW_WB_V1.16.0, STM32Cube_FW_WB_V1.16.0RC2, STM32Cube_FW_WB_V1.17.0, STM32Cube_FW_WL_V1.3.0, X-CUBE-ALGOBUILD_V1.3.0, X-CUBE-ALS_V1.0.1, X-CUBE-AZRTOS-F4_V1.1.0, X-CUBE-AZRTOS-F7_V1.1.0, X-CUBE-AZRTOS-G0_V1.1.0, X-CUBE-AZRTOS-G4_V2.0.0, X-CUBE-AZRTOS-H7_V3.1.0, X-CUBE-AZRTOS-L4_V1.0.0, X-CUBE-AZRTOS-L4_V2.0.0, X-CUBE-AZRTOS-L5_V1.1.0, X-CUBE-AZRTOS-WB_V1.1.0, X-CUBE-AZRTOS-WL_V2.0.0, X-CUBE-BLE1_V7.0.0, X-CUBE-BLE2_V3.3.0, X-CUBE-BLEMGR_V2.0.0, X-CUBE-EEPRMA1_V4.1.0, X-CUBE-FREERTOS_V1.1.0, X-CUBE-GNSS1_V6.0.0, X-CUBE-MEMS1_V9.1.0, X-CUBE-MEMS1_V9.4.0, X-CUBE-MEMS1_V9.6.0, X-CUBE-NFC4_V3.0.0, X-CUBE-NFC7_V1.0.0, X-CUBE-SFXS2LP1_V4.0.0, X-CUBE-SUBG2_V5.0.0, X-CUBE-TOF1_V3.3.1]
2023-10-06 10:12:54,972 [INFO] ApiDb:240 - Found 323 in-development CPN: [B-G473E-ZEST1S, B-WB1M-WPAN1, B-WL5M-SUBG1, NUCLEO-C031C6, NUCLEO-H503RB, NUCLEO-H563ZI, NUCLEO-U545RE-Q, NUCLEO-U5A5ZJ-Q, NUCLEO-WBA52CG, STEVAL-PROTEUS1, STEVAL-SMARTAG2, STEVAL-STWINBX1, STM320518-EVAL, STM32C0116-DK, STM32C011D6Y3TR, STM32C011D6Y6TR, STM32C011F4P3, STM32C011F4P6, STM32C011F4U3, STM32C011F4U6TR, STM32C011F6P3, STM32C011F6P6, STM32C011F6U3, STM32C011F6U6TR, STM32C011J4M3, STM32C011J4M6, STM32C011J6M3, STM32C011J6M6, STM32C0316-DK, STM32C031C4T3, STM32C031C4T6, STM32C031C4U3, STM32C031C4U6, STM32C031C6T3, STM32C031C6T6, STM32C031C6U3, STM32C031C6U6, STM32C031F4P3, STM32C031F4P6, STM32C031F6P3, STM32C031F6P6, STM32C031G4U3, STM32C031G4U6, STM32C031G6U3, STM32C031G6U6, STM32C031K4T3, STM32C031K4T6, STM32C031K4U3, STM32C031K4U6, STM32C031K6T3, STM32C031K6T6, STM32C031K6U3, STM32C031K6U6, STM32G071K8TXN, STM32G071K8UXN, STM32G081GBU6N, STM32G081KBT6N, STM32G081KBUXN, STM32G0B1CCT6N, STM32G0B1KCT6, STM32G0B1NEY6TR, STM32G0B1RCT6N, STM32G0C1CCT6, STM32G0C1CCT6N, STM32G0C1CCU6N, STM32G0C1CET6N, STM32G0C1CEU6N, STM32G0C1KCT6, STM32G0C1NEY6TR, STM32G0C1RCI6N, STM32G0C1RCT6N, STM32G0C1REI6N, STM32G0C1RET6N, STM32G0C1VCI6, STM32G0C1VEI6, STM32G471CCT6, STM32G471CCU6, STM32G471CET3, STM32G471CET6, STM32G471CEU3, STM32G471CEU6, STM32G471MCT6, STM32G471MET3, STM32G471MET6, STM32G471MEY6TR, STM32G471QCT6, STM32G471QET3, STM32G471RCT6, STM32G471RET3, STM32G471RET6, STM32G471VCH6, STM32G471VCI6, STM32G471VCT6, STM32G471VEH3, STM32G471VEH6, STM32G471VEI3, STM32G471VEI6, STM32G471VET3, STM32G471VET6, STM32G474CCT6, STM32H503CBT6, STM32H503CBU6, STM32H503EBY6TR, STM32H503KBU6, STM32H503RBT6, STM32H562AGI6, STM32H562AII6, STM32H562IGK6, STM32H562IGT6, STM32H562IIK6, STM32H562IIT6, STM32H562RGT6, STM32H562RGV6, STM32H562RIT6, STM32H562RIV6, STM32H562VGT6, STM32H562VIT6, STM32H562ZGT6, STM32H562ZIT6, STM32H563AGI6, STM32H563AII3Q, STM32H563AII6, STM32H563IGK6, STM32H563IGT6, STM32H563IIK3Q, STM32H563IIK6, STM32H563IIT3Q, STM32H563IIT6, STM32H563MIY3QTR, STM32H563RGT6, STM32H563RGV6, STM32H563RIT6, STM32H563RIV6, STM32H563VGT6, STM32H563VIT3Q, STM32H563VIT6, STM32H563ZGT6, STM32H563ZIT3Q, STM32H563ZIT6, STM32H573AII3Q, STM32H573AII6, STM32H573I-DK, STM32H573IIK3Q, STM32H573IIK6, STM32H573IIT3Q, STM32H573IIT6, STM32H573MIY3QTR, STM32H573RIT6, STM32H573RIV6, STM32H573VIT3Q, STM32H573VIT6, STM32H573ZIT3Q, STM32H573ZIT6, STM32L4R5QGI6STR, STM32MP131AAE3, STM32MP131AAF3, STM32MP131AAG3, STM32MP131CAE3, STM32MP131CAF3, STM32MP131CAG3, STM32MP131DAE7, STM32MP131DAF7, STM32MP131DAG7, STM32MP131FAE7, STM32MP131FAF7, STM32MP131FAG7, STM32MP133AAE3, STM32MP133AAF3, STM32MP133AAG3, STM32MP133CAE3, STM32MP133CAF3, STM32MP133CAG3, STM32MP133DAE7, STM32MP133DAF7, STM32MP133DAG7, STM32MP133FAE7, STM32MP133FAF7, STM32MP133FAG7, STM32MP135AAE3, STM32MP135AAF3, STM32MP135AAG3, STM32MP135CAE3, STM32MP135CAF3, STM32MP135CAG3, STM32MP135DAE7, STM32MP135DAF7, STM32MP135DAG7, STM32MP135F-DK, STM32MP135FAE7, STM32MP135FAF7, STM32MP135FAF7T, STM32MP135FAF7U, STM32MP135FAG7, STM32U535CBT6, STM32U535CBT6Q, STM32U535CBU6, STM32U535CBU6Q, STM32U535CCT6, STM32U535CCT6Q, STM32U535CCU6, STM32U535CCU6Q, STM32U535CET6, STM32U535CET6Q, STM32U535CEU6, STM32U535CEU6Q, STM32U535JEY6QTR, STM32U535NCY6QTR, STM32U535NEY6QTR, STM32U535RBI6, STM32U535RBI6Q, STM32U535RBT6, STM32U535RBT6Q, STM32U535RCI6, STM32U535RCI6Q, STM32U535RCT6, STM32U535RCT6Q, STM32U535REI6, STM32U535REI6Q, STM32U535RET6, STM32U535RET6Q, STM32U535VCI6, STM32U535VCI6Q, STM32U535VCT6, STM32U535VCT6Q, STM32U535VEI6, STM32U535VEI6Q, STM32U535VET6, STM32U535VET6Q, STM32U545CET6, STM32U545CET6Q, STM32U545CEU6, STM32U545CEU6Q, STM32U545JEY6QTR, STM32U545NEY6QTR, STM32U545REI6, STM32U545REI6Q, STM32U545RET6, STM32U545RET6Q, STM32U545VEI6, STM32U545VEI6Q, STM32U545VET6, STM32U545VET6Q, STM32U595AIH6, STM32U595AIH6Q, STM32U595AJH6, STM32U595AJH6Q, STM32U595QII6, STM32U595QII6Q, STM32U595QJI6, STM32U595QJI6Q, STM32U595RIT6, STM32U595RIT6Q, STM32U595RJT6, STM32U595RJT6Q, STM32U595VIT6, STM32U595VIT6Q, STM32U595VJT6, STM32U595VJT6Q, STM32U595ZIT6, STM32U595ZIT6Q, STM32U595ZIY6QTR, STM32U595ZJT6, STM32U595ZJT6Q, STM32U595ZJY6QTR, STM32U599BJY6QTR, STM32U599NIH6Q, STM32U599NJH6Q, STM32U599VIT6Q, STM32U599VJT6, STM32U599VJT6Q, STM32U599ZIT6Q, STM32U599ZIY6QTR, STM32U599ZJT6Q, STM32U599ZJY6QTR, STM32U5A5AJH6, STM32U5A5AJH6Q, STM32U5A5QJI6, STM32U5A5QJI6Q, STM32U5A5RJT6, STM32U5A5RJT6Q, STM32U5A5VJT6, STM32U5A5VJT6Q, STM32U5A5ZJT6, STM32U5A5ZJT6Q, STM32U5A5ZJY6QTR, STM32U5A9BJY6QTR, STM32U5A9J-DK, STM32U5A9NJH6Q, STM32U5A9VJT6Q, STM32U5A9ZJT6Q, STM32U5A9ZJY6QTR, STM32U5F7VIT6, STM32U5F7VIT6Q, STM32U5F7VJT6, STM32U5F7VJT6Q, STM32U5F9BJY6QTR, STM32U5F9NJH6Q, STM32U5F9VIT6Q, STM32U5F9VJT6Q, STM32U5F9ZIJ6QTR, STM32U5F9ZIT6Q, STM32U5F9ZJJ6QTR, STM32U5F9ZJT6Q, STM32U5G7VJT6, STM32U5G7VJT6Q, STM32U5G9BJY6QTR, STM32U5G9J-DK1, STM32U5G9J-DK2, STM32U5G9NJH6Q, STM32U5G9VJT6Q, STM32U5G9ZJJ6QTR, STM32U5G9ZJT6Q, STM32WB1MMCH6, STM32WBA52CEU6, STM32WBA52CEU6T, STM32WBA52CGU6, STM32WBA52CGU6T, STM32WBA52KEU6, STM32WBA52KEU6T, STM32WBA52KGU6, STM32WBA52KGU6T, STM32WL5MOCH6, STM32WL5MOCH6TR]
2023-10-06 10:12:54,978 [INFO] DbMcus:217 - Found 3848 MCUs, 3848 are supported
2023-10-06 10:12:54,978 [INFO] ApiDb:423 - Load user favorites file /home/hronoz/.stm32cubeide/favorites.mcus.txt: 0 item(s)
2023-10-06 10:12:54,978 [INFO] ApiDb:427 - User favorites MCUs=[]
2023-10-06 10:12:54,979 [INFO] DbMcus:223 - Set 0 / 0 favorites MCUs
2023-10-06 10:12:55,285 [WARN] ThirdParty:833 - waiting for thirdparty lock release [change project]
2023-10-06 10:12:55,285 [INFO] ThirdParty:835 - entering critical section [change project]
2023-10-06 10:12:55,285 [INFO] ThirdParty:1030 - CMSIS Pack Vendor :STMicroelectronics X-CUBE-ISPU 1.1.0
2023-10-06 10:12:55,285 [INFO] ThirdParty:1030 - CMSIS Pack Vendor :STMicroelectronics USBPD 4.1
2023-10-06 10:12:55,285 [INFO] ThirdParty:1030 - CMSIS Pack Vendor :STMicroelectronics X-CUBE-GNSS1 6.0.0
2023-10-06 10:12:55,285 [INFO] ThirdParty:1030 - CMSIS Pack Vendor :STMicroelectronics USB_HOST 2.0.0
2023-10-06 10:12:55,285 [INFO] ThirdParty:1030 - CMSIS Pack Vendor :STMicroelectronics X-CUBE-AZRTOS-F4 1.1.0
2023-10-06 10:12:55,285 [INFO] ThirdParty:1030 - CMSIS Pack Vendor :STMicroelectronics LIBJPEG 8.0.0
2023-10-06 10:12:55,285 [INFO] ThirdParty:1030 - CMSIS Pack Vendor :wolfSSL I-CUBE-wolfSSL 5.6.3
2023-10-06 10:12:55,285 [INFO] ThirdParty:1030 - CMSIS Pack Vendor :STMicroelectronics X-CUBE-SMBUS 2.1.0
2023-10-06 10:12:55,285 [INFO] ThirdParty:1030 - CMSIS Pack Vendor :STMicroelectronics USB_DEVICE 3.0.0
2023-10-06 10:12:55,285 [INFO] ThirdParty:1030 - CMSIS Pack Vendor :STMicroelectronics X-CUBE-AZRTOS-WB 2.0.0
2023-10-06 10:12:55,285 [INFO] ThirdParty:1030 - CMSIS Pack Vendor :STMicroelectronics X-CUBE-AZRTOS-F7 1.1.0
2023-10-06 10:12:55,285 [INFO] ThirdParty:1030 - CMSIS Pack Vendor :STMicroelectronics X-CUBE-AZRTOS-L5 2.0.0
2023-10-06 10:12:55,285 [INFO] ThirdParty:1030 - CMSIS Pack Vendor :STMicroelectronics USB_DEVICE 2.0.0
2023-10-06 10:12:55,286 [INFO] ThirdParty:1030 - CMSIS Pack Vendor :STMicroelectronics X-CUBE-MEMS1 9.6.0
2023-10-06 10:12:55,286 [INFO] ThirdParty:1030 - CMSIS Pack Vendor :ITTIA_DB I-CUBE-ITTIADB 8.8.0
2023-10-06 10:12:55,286 [INFO] ThirdParty:1030 - CMSIS Pack Vendor :STMicroelectronics FP-SNS-MOTENV1 4.3.2
2023-10-06 10:12:55,286 [INFO] ThirdParty:1030 - CMSIS Pack Vendor :STMicroelectronics X-CUBE-ALGOBUILD 1.3.0
2023-10-06 10:12:55,286 [INFO] ThirdParty:1030 - CMSIS Pack Vendor :STMicroelectronics FreeRTOS 0.0.1
2023-10-06 10:12:55,286 [INFO] ThirdParty:1030 - CMSIS Pack Vendor :STMicroelectronics X-CUBE-AZRTOS-G0 1.1.0
2023-10-06 10:12:55,286 [INFO] ThirdParty:1030 - CMSIS Pack Vendor :STMicroelectronics X-CUBE-BLEMGR 2.0.0
2023-10-06 10:12:55,286 [INFO] ThirdParty:1030 - CMSIS Pack Vendor :STMicroelectronics X-CUBE-NFC4 3.0.0
2023-10-06 10:12:55,286 [INFO] ThirdParty:1030 - CMSIS Pack Vendor :STMicroelectronics X-CUBE-SUBG2 5.0.0
2023-10-06 10:12:55,286 [INFO] ThirdParty:1030 - CMSIS Pack Vendor :STMicroelectronics STM32_WPAN 1.0.0
2023-10-06 10:12:55,286 [INFO] ThirdParty:1030 - CMSIS Pack Vendor :STMicroelectronics lwIP 2.0.3
2023-10-06 10:12:55,286 [INFO] ThirdParty:1030 - CMSIS Pack Vendor :STMicroelectronics FP-SNS-FLIGHT1 5.0.2
2023-10-06 10:12:55,286 [INFO] ThirdParty:1030 - CMSIS Pack Vendor :STMicroelectronics USB_HOST 1.0.0
2023-10-06 10:12:55,286 [INFO] ThirdParty:1030 - CMSIS Pack Vendor :STMicroelectronics X-CUBE-TOF1 3.3.1
2023-10-06 10:12:55,286 [INFO] ThirdParty:1030 - CMSIS Pack Vendor :STMicroelectronics X-CUBE-AZRTOS-G4 2.0.0
2023-10-06 10:12:55,286 [INFO] ThirdParty:1030 - CMSIS Pack Vendor :STMicroelectronics PDM2PCM 3.1.0
2023-10-06 10:12:55,286 [INFO] ThirdParty:1030 - CMSIS Pack Vendor :STMicroelectronics X-CUBE-AZRTOS-H7 3.1.0
2023-10-06 10:12:55,286 [INFO] ThirdParty:1030 - CMSIS Pack Vendor :STMicroelectronics PDM2PCM 3.3.0
2023-10-06 10:12:55,286 [INFO] ThirdParty:1030 - CMSIS Pack Vendor :STMicroelectronics X-CUBE-DISPLAY 3.0.0
2023-10-06 10:12:55,286 [INFO] ThirdParty:1030 - CMSIS Pack Vendor :STMicroelectronics X-CUBE-BLE1 7.0.0
2023-10-06 10:12:55,286 [INFO] ThirdParty:1030 - CMSIS Pack Vendor :STMicroelectronics FP-ATR-SIGFOX1 3.2.0
2023-10-06 10:12:55,286 [INFO] ThirdParty:1030 - CMSIS Pack Vendor :STMicroelectronics HAL Drivers 0.0.0
2023-10-06 10:12:55,286 [INFO] ThirdParty:1030 - CMSIS Pack Vendor :STMicroelectronics MBEDTLS 2.16.2
2023-10-06 10:12:55,286 [INFO] ThirdParty:1030 - CMSIS Pack Vendor :emotas I-CUBE-CANOPEN 1.3.0
2023-10-06 10:12:55,286 [INFO] ThirdParty:1030 - CMSIS Pack Vendor :STMicroelectronics X-CUBE-FREERTOS 1.1.0
2023-10-06 10:12:55,287 [INFO] ThirdParty:1030 - CMSIS Pack Vendor :STMicroelectronics X-CUBE-TOUCHGFX 4.22.0
2023-10-06 10:12:55,287 [INFO] ThirdParty:1030 - CMSIS Pack Vendor :STMicroelectronics X-CUBE-NFC7 1.0.1
2023-10-06 10:12:55,287 [INFO] ThirdParty:1030 - CMSIS Pack Vendor :STMicroelectronics MBEDTLS 2.14.1
2023-10-06 10:12:55,287 [INFO] ThirdParty:1030 - CMSIS Pack Vendor :STMicroelectronics X-CUBE-TOUCHGFX 4.22.1
2023-10-06 10:12:55,287 [INFO] ThirdParty:1030 - CMSIS Pack Vendor :STMicroelectronics X-CUBE-NFC6 3.0.0
2023-10-06 10:12:55,287 [INFO] ThirdParty:1030 - CMSIS Pack Vendor :STMicroelectronics X-CUBE-EEPRMA1 4.1.0
2023-10-06 10:12:55,287 [INFO] ThirdParty:1030 - CMSIS Pack Vendor :portGmbH I-Cube-SoM-uGOAL 1.1.0
2023-10-06 10:12:55,287 [INFO] ThirdParty:1030 - CMSIS Pack Vendor :STMicroelectronics X-CUBE-ALS 1.0.1
2023-10-06 10:12:55,287 [INFO] ThirdParty:1030 - CMSIS Pack Vendor :STMicroelectronics ThreadX 1.0.0
2023-10-06 10:12:55,287 [INFO] ThirdParty:1030 - CMSIS Pack Vendor :STMicroelectronics FP-SNS-SMARTAG2 1.2.0
2023-10-06 10:12:55,287 [INFO] ThirdParty:1030 - CMSIS Pack Vendor :STMicroelectronics X-CUBE-AZRTOS-WL 2.0.0
2023-10-06 10:12:55,287 [INFO] ThirdParty:1030 - CMSIS Pack Vendor :SEGGER I-CUBE-embOS 1.3.1
2023-10-06 10:12:55,287 [INFO] ThirdParty:1030 - CMSIS Pack Vendor :STMicroelectronics USB_DEVICE 1.0.0
2023-10-06 10:12:55,287 [INFO] ThirdParty:1030 - CMSIS Pack Vendor :STMicroelectronics X-CUBE-AI 8.1.0
2023-10-06 10:12:55,287 [INFO] ThirdParty:1030 - CMSIS Pack Vendor :STMicroelectronics X-CUBE-AZRTOS-L4 2.0.0
2023-10-06 10:12:55,287 [INFO] ThirdParty:1030 - CMSIS Pack Vendor :STMicroelectronics ThreadX 0.0.2
2023-10-06 10:12:55,287 [INFO] ThirdParty:1030 - CMSIS Pack Vendor :WES I-CUBE-Cesium 1.3.0
2023-10-06 10:12:55,287 [INFO] ThirdParty:1030 - CMSIS Pack Vendor :STMicroelectronics FP-ATR-ASTRA1 2.0.0
2023-10-06 10:12:55,287 [INFO] ThirdParty:1030 - CMSIS Pack Vendor :STMicroelectronics lwIP 2.1.2
2023-10-06 10:12:55,287 [INFO] ThirdParty:1030 - CMSIS Pack Vendor :STMicroelectronics X-CUBE-SFXS2LP1 4.0.0
2023-10-06 10:12:55,287 [INFO] ThirdParty:1030 - CMSIS Pack Vendor :STMicroelectronics X-CUBE-BLE2 3.3.0
2023-10-06 10:12:55,287 [INFO] ThirdParty:1030 - CMSIS Pack Vendor :STMicroelectronics PDM2PCM 3.2.0
2023-10-06 10:12:55,287 [INFO] ThirdParty:841 - exiting critical section [change project]
2023-10-06 10:12:55,694 [INFO] PinOutPanel:1499 - setPackage(No Configuration,No Configuration)
2023-10-06 10:12:55,698 [INFO] PinOutPanel:1499 - setPackage(STM32F103C8Tx,LQFP48)
2023-10-06 10:12:56,366 [INFO] UtilMem:75 - Before build in PCC Used Memory: 466204608 Bytes (833617920)
2023-10-06 10:12:57,220 [INFO] UtilMem:75 - After build in PCC Used Memory: 629782464 Bytes (833617920)
2023-10-06 10:12:57,244 [INFO] IPUIPlugin:80 - create IPUIPlugin
2023-10-06 10:12:57,244 [INFO] IPUIPlugin:80 - create IPUIPlugin
2023-10-06 10:12:57,244 [INFO] IPUIPlugin:80 - create IPUIPlugin
2023-10-06 10:12:57,244 [INFO] IPUIPlugin:80 - create IPUIPlugin
2023-10-06 10:12:57,244 [INFO] IPUIPlugin:80 - create IPUIPlugin
2023-10-06 10:12:57,244 [INFO] IPUIPlugin:80 - create IPUIPlugin
2023-10-06 10:12:57,245 [INFO] IPUIPlugin:80 - create IPUIPlugin
2023-10-06 10:12:57,245 [INFO] IPUIPlugin:80 - create IPUIPlugin
2023-10-06 10:12:57,245 [INFO] IPUIPlugin:80 - create IPUIPlugin
2023-10-06 10:12:57,245 [INFO] IPUIPlugin:80 - create IPUIPlugin
2023-10-06 10:12:57,245 [INFO] IPUIPlugin:80 - create IPUIPlugin
2023-10-06 10:12:57,245 [INFO] IPUIPlugin:80 - create IPUIPlugin
2023-10-06 10:12:57,245 [INFO] IPUIPlugin:80 - create IPUIPlugin
2023-10-06 10:12:57,245 [INFO] IPUIPlugin:80 - create IPUIPlugin
2023-10-06 10:12:57,246 [INFO] IPUIPlugin:80 - create IPUIPlugin
2023-10-06 10:12:57,246 [INFO] IPUIPlugin:80 - create IPUIPlugin
2023-10-06 10:12:57,246 [INFO] IPUIPlugin:80 - create IPUIPlugin
2023-10-06 10:12:57,246 [INFO] IPUIPlugin:80 - create IPUIPlugin
2023-10-06 10:12:57,246 [INFO] IPUIPlugin:80 - create IPUIPlugin
2023-10-06 10:12:57,246 [INFO] IPUIPlugin:80 - create IPUIPlugin
2023-10-06 10:12:57,246 [INFO] IPUIPlugin:80 - create IPUIPlugin
2023-10-06 10:12:57,247 [INFO] IPUIPlugin:80 - create IPUIPlugin
2023-10-06 10:12:57,247 [INFO] IPUIPlugin:80 - create IPUIPlugin
2023-10-06 10:12:57,247 [INFO] IPUIPlugin:80 - create IPUIPlugin
2023-10-06 10:12:57,247 [INFO] IPUIPlugin:80 - create IPUIPlugin
2023-10-06 10:12:57,247 [INFO] IPUIPlugin:80 - create IPUIPlugin
2023-10-06 10:12:57,247 [INFO] IPUIPlugin:80 - create IPUIPlugin
2023-10-06 10:12:57,256 [INFO] Can:71 - Can Add PropertyChangeListener com.st.microxplorer.plugins.ip.can.Can@c9fb3d
2023-10-06 10:12:57,501 [INFO] CADModel:165 - CPN selected for project levelSTM32F103C8T6
2023-10-06 10:12:57,501 [INFO] CADModel:114 - Register for checkConnection events
2023-10-06 10:12:57,540 [INFO] OpenFileManager:328 - Restore cursor
2023-10-06 10:21:12,415 [INFO] NvicIntPanel:101 - NVIC parent = com.st.microxplorer.plugins.ip.nvic.MultiNvicIntPanel[,0,0,0x0,invalid,layout=javax.swing.BoxLayout,alignmentX=0.0,alignmentY=0.0,border=,flags=9,maximumSize=,minimumSize=,preferredSize=]
2023-10-06 10:21:12,478 [INFO] NvicIntPanel:101 - NVIC parent = com.st.microxplorer.plugins.ip.nvic.MultiNvicIntPanel[,0,0,0x0,invalid,layout=javax.swing.BoxLayout,alignmentX=0.0,alignmentY=0.0,border=,flags=9,maximumSize=,minimumSize=,preferredSize=]
2023-10-06 10:21:21,405 [INFO] NvicIntPanel:101 - NVIC parent = com.st.microxplorer.plugins.ip.nvic.MultiNvicIntPanel[,0,0,0x0,invalid,layout=javax.swing.BoxLayout,alignmentX=0.0,alignmentY=0.0,border=,flags=9,maximumSize=,minimumSize=,preferredSize=]
2023-10-06 10:21:21,519 [INFO] NvicIntPanel:101 - NVIC parent = com.st.microxplorer.plugins.ip.nvic.MultiNvicIntPanel[,0,0,0x0,invalid,layout=javax.swing.BoxLayout,alignmentX=0.0,alignmentY=0.0,border=,flags=9,maximumSize=,minimumSize=,preferredSize=]
2023-10-06 10:21:23,248 [INFO] NvicIntPanel:101 - NVIC parent = com.st.microxplorer.plugins.ip.nvic.MultiNvicIntPanel[,0,0,0x0,invalid,layout=javax.swing.BoxLayout,alignmentX=0.0,alignmentY=0.0,border=,flags=9,maximumSize=,minimumSize=,preferredSize=]
2023-10-06 10:21:23,333 [INFO] NvicIntPanel:101 - NVIC parent = com.st.microxplorer.plugins.ip.nvic.MultiNvicIntPanel[,0,0,0x0,invalid,layout=javax.swing.BoxLayout,alignmentX=0.0,alignmentY=0.0,border=,flags=9,maximumSize=,minimumSize=,preferredSize=]
2023-10-06 10:21:35,759 [INFO] NvicIntPanel:101 - NVIC parent = com.st.microxplorer.plugins.ip.nvic.MultiNvicIntPanel[,0,0,0x0,invalid,layout=javax.swing.BoxLayout,alignmentX=0.0,alignmentY=0.0,border=,flags=9,maximumSize=,minimumSize=,preferredSize=]
2023-10-06 10:21:35,844 [INFO] NvicIntPanel:101 - NVIC parent = com.st.microxplorer.plugins.ip.nvic.MultiNvicIntPanel[,0,0,0x0,invalid,layout=javax.swing.BoxLayout,alignmentX=0.0,alignmentY=0.0,border=,flags=9,maximumSize=,minimumSize=,preferredSize=]
2023-10-06 10:21:40,781 [INFO] UtilMem:75 - End SaveConfig() Used Memory: 513630472 Bytes (1040187392)
2023-10-06 10:21:42,211 [INFO] UtilMem:75 - End SaveConfig() Used Memory: 653842112 Bytes (1040187392)
2023-10-06 10:21:44,958 [INFO] UtilMem:75 - End SaveConfig() Used Memory: 787011264 Bytes (1040187392)
2023-10-06 10:21:45,864 [INFO] BlockDiagram:2759 - set Specific Code input for plugin: NVIC
2023-10-06 10:21:45,866 [INFO] BlockDiagram:2759 - set Specific Code input for plugin: GPIO
2023-10-06 10:21:45,866 [INFO] BlockDiagram:2759 - set Specific Code input for plugin: CAN
2023-10-06 10:21:45,867 [INFO] BlockDiagram:2759 - set Specific Code input for plugin: RCC
2023-10-06 10:21:45,870 [INFO] CodeGenerator:799 - code generatio: config db path: /opt/stm32cubeide/plugins/com.st.stm32cube.common.mx_6.9.1.202307191849//db/
2023-10-06 10:21:46,509 [INFO] CodeEngine:255 - oldGeneratedFile, /home/hronoz/STM32CubeIDE/workspace_1.13.1/can_hal_try/MXTmpFiles/license.tmp_save
2023-10-06 10:21:47,141 [INFO] CodeEngine:279 - Generated code: /home/hronoz/STM32CubeIDE/workspace_1.13.1/can_hal_try/MXTmpFiles/license.tmp
2023-10-06 10:21:47,286 [INFO] CodeEngine:255 - oldGeneratedFile, /home/hronoz/STM32CubeIDE/workspace_1.13.1/can_hal_try/MXTmpFiles/gpio.tmp_save
2023-10-06 10:21:47,513 [INFO] CodeEngine:279 - Generated code: /home/hronoz/STM32CubeIDE/workspace_1.13.1/can_hal_try/MXTmpFiles/gpio.tmp
2023-10-06 10:21:47,583 [INFO] CodeEngine:255 - oldGeneratedFile, /home/hronoz/STM32CubeIDE/workspace_1.13.1/can_hal_try/Core/Src/stm32f1xx_it.c_save
2023-10-06 10:21:47,763 [INFO] CodeEngine:279 - Generated code: /home/hronoz/STM32CubeIDE/workspace_1.13.1/can_hal_try/Core/Src/stm32f1xx_it.c
2023-10-06 10:21:47,765 [INFO] CodeEngine:255 - oldGeneratedFile, /home/hronoz/STM32CubeIDE/workspace_1.13.1/can_hal_try/Core/Inc/stm32f1xx_it.h_save
2023-10-06 10:21:47,900 [INFO] CodeEngine:279 - Generated code: /home/hronoz/STM32CubeIDE/workspace_1.13.1/can_hal_try/Core/Inc/stm32f1xx_it.h
2023-10-06 10:21:47,934 [INFO] CodeEngine:255 - oldGeneratedFile, /home/hronoz/STM32CubeIDE/workspace_1.13.1/can_hal_try/Core/Src/stm32f1xx_hal_msp.c_save
2023-10-06 10:21:48,099 [INFO] CodeEngine:279 - Generated code: /home/hronoz/STM32CubeIDE/workspace_1.13.1/can_hal_try/Core/Src/stm32f1xx_hal_msp.c
2023-10-06 10:21:48,102 [INFO] CodeEngine:255 - oldGeneratedFile, /home/hronoz/STM32CubeIDE/workspace_1.13.1/can_hal_try/MXTmpFiles/system.tmp_save
2023-10-06 10:21:48,239 [INFO] CodeEngine:279 - Generated code: /home/hronoz/STM32CubeIDE/workspace_1.13.1/can_hal_try/MXTmpFiles/system.tmp
2023-10-06 10:21:48,247 [INFO] CodeEngine:311 - oldGeneratedFile, /home/hronoz/STM32CubeIDE/workspace_1.13.1/can_hal_try/Core/Inc/stm32f1xx_hal_conf.h_save
2023-10-06 10:21:48,398 [INFO] CodeEngine:335 - Generated code: /home/hronoz/STM32CubeIDE/workspace_1.13.1/can_hal_try/Core/Inc/stm32f1xx_hal_conf.h
2023-10-06 10:21:48,463 [INFO] CodeEngine:255 - oldGeneratedFile, /home/hronoz/STM32CubeIDE/workspace_1.13.1/can_hal_try/Core/Inc/main.h_save
2023-10-06 10:21:48,605 [INFO] CodeEngine:279 - Generated code: /home/hronoz/STM32CubeIDE/workspace_1.13.1/can_hal_try/Core/Inc/main.h
2023-10-06 10:21:48,613 [INFO] CodeEngine:255 - oldGeneratedFile, /home/hronoz/STM32CubeIDE/workspace_1.13.1/can_hal_try/Core/Src/main.c_save
2023-10-06 10:21:48,845 [INFO] CodeEngine:279 - Generated code: /home/hronoz/STM32CubeIDE/workspace_1.13.1/can_hal_try/Core/Src/main.c
2023-10-06 10:21:49,486 [INFO] ProjectBuilder:3064 - Time for Copy HAL[1] : 56mS.
2023-10-06 10:21:49,496 [INFO] ProjectBuilder:4404 - Project Generator version: 4.1.0
2023-10-06 10:21:50,177 [INFO] ConfigFileManager:1457 - The Die is : DIE410
2023-10-06 10:21:50,212 [INFO] ApiDbMcu:507 - Load IP Config File for FATFS
2023-10-06 10:21:50,244 [INFO] ApiDbMcu:507 - Load IP Config File for FREERTOS
2023-10-06 10:21:50,258 [INFO] ApiDbMcu:507 - Load IP Config File for USB_DEVICE
2023-10-06 10:21:51,532 [INFO] LogOutputStream:77 - [STDOUT_REDIRECT] 
2023-10-06 10:21:52,802 [INFO] ProjectBuilder:4626 - Time for Generating toolchain IDE Files: 3305mS.
2023-10-06 10:21:52,804 [INFO] ProjectBuilder:2935 - Time for Copy CMSIS : 1mS.
2023-10-06 10:21:52,806 [INFO] ProjectBuilder:2935 - Time for Copy CMSIS : 1mS.
2023-10-06 10:22:31,977 [INFO] UtilMem:75 - End SaveConfig() Used Memory: 547994456 Bytes (1073741824)
2023-10-06 10:22:33,967 [INFO] UtilMem:75 - End SaveConfig() Used Memory: 568823296 Bytes (1073741824)
2023-10-06 10:22:36,271 [INFO] UtilMem:75 - End SaveConfig() Used Memory: 604734992 Bytes (1073741824)
2023-10-06 10:22:36,605 [INFO] BlockDiagram:2759 - set Specific Code input for plugin: NVIC
2023-10-06 10:22:36,609 [INFO] BlockDiagram:2759 - set Specific Code input for plugin: GPIO
2023-10-06 10:22:36,610 [INFO] BlockDiagram:2759 - set Specific Code input for plugin: CAN
2023-10-06 10:22:36,610 [INFO] BlockDiagram:2759 - set Specific Code input for plugin: RCC
2023-10-06 10:22:36,611 [INFO] CodeGenerator:799 - code generatio: config db path: /opt/stm32cubeide/plugins/com.st.stm32cube.common.mx_6.9.1.202307191849//db/
2023-10-06 10:22:36,929 [INFO] CodeEngine:255 - oldGeneratedFile, /home/hronoz/STM32CubeIDE/workspace_1.13.1/can_hal_try/MXTmpFiles/license.tmp_save
2023-10-06 10:22:37,114 [INFO] CodeEngine:279 - Generated code: /home/hronoz/STM32CubeIDE/workspace_1.13.1/can_hal_try/MXTmpFiles/license.tmp
2023-10-06 10:22:37,158 [INFO] CodeEngine:255 - oldGeneratedFile, /home/hronoz/STM32CubeIDE/workspace_1.13.1/can_hal_try/MXTmpFiles/gpio.tmp_save
2023-10-06 10:22:37,331 [INFO] CodeEngine:279 - Generated code: /home/hronoz/STM32CubeIDE/workspace_1.13.1/can_hal_try/MXTmpFiles/gpio.tmp
2023-10-06 10:22:37,387 [INFO] CodeEngine:255 - oldGeneratedFile, /home/hronoz/STM32CubeIDE/workspace_1.13.1/can_hal_try/Core/Src/stm32f1xx_it.c_save
2023-10-06 10:22:37,536 [INFO] CodeEngine:279 - Generated code: /home/hronoz/STM32CubeIDE/workspace_1.13.1/can_hal_try/Core/Src/stm32f1xx_it.c
2023-10-06 10:22:37,542 [INFO] CodeEngine:255 - oldGeneratedFile, /home/hronoz/STM32CubeIDE/workspace_1.13.1/can_hal_try/Core/Inc/stm32f1xx_it.h_save
2023-10-06 10:22:37,668 [INFO] CodeEngine:279 - Generated code: /home/hronoz/STM32CubeIDE/workspace_1.13.1/can_hal_try/Core/Inc/stm32f1xx_it.h
2023-10-06 10:22:37,705 [INFO] CodeEngine:255 - oldGeneratedFile, /home/hronoz/STM32CubeIDE/workspace_1.13.1/can_hal_try/Core/Src/stm32f1xx_hal_msp.c_save
2023-10-06 10:22:37,951 [INFO] CodeEngine:279 - Generated code: /home/hronoz/STM32CubeIDE/workspace_1.13.1/can_hal_try/Core/Src/stm32f1xx_hal_msp.c
2023-10-06 10:22:37,958 [INFO] CodeEngine:255 - oldGeneratedFile, /home/hronoz/STM32CubeIDE/workspace_1.13.1/can_hal_try/MXTmpFiles/system.tmp_save
2023-10-06 10:22:38,132 [INFO] CodeEngine:279 - Generated code: /home/hronoz/STM32CubeIDE/workspace_1.13.1/can_hal_try/MXTmpFiles/system.tmp
2023-10-06 10:22:38,142 [INFO] CodeEngine:311 - oldGeneratedFile, /home/hronoz/STM32CubeIDE/workspace_1.13.1/can_hal_try/Core/Inc/stm32f1xx_hal_conf.h_save
2023-10-06 10:22:38,278 [INFO] CodeEngine:335 - Generated code: /home/hronoz/STM32CubeIDE/workspace_1.13.1/can_hal_try/Core/Inc/stm32f1xx_hal_conf.h
2023-10-06 10:22:38,317 [INFO] CodeEngine:255 - oldGeneratedFile, /home/hronoz/STM32CubeIDE/workspace_1.13.1/can_hal_try/Core/Inc/main.h_save
2023-10-06 10:22:38,500 [INFO] CodeEngine:279 - Generated code: /home/hronoz/STM32CubeIDE/workspace_1.13.1/can_hal_try/Core/Inc/main.h
2023-10-06 10:22:38,505 [INFO] CodeEngine:255 - oldGeneratedFile, /home/hronoz/STM32CubeIDE/workspace_1.13.1/can_hal_try/Core/Src/main.c_save
2023-10-06 10:22:38,756 [INFO] CodeEngine:279 - Generated code: /home/hronoz/STM32CubeIDE/workspace_1.13.1/can_hal_try/Core/Src/main.c
2023-10-06 10:22:39,316 [INFO] ProjectBuilder:3064 - Time for Copy HAL[1] : 18mS.
2023-10-06 10:22:39,317 [INFO] ProjectBuilder:4404 - Project Generator version: 4.1.0
2023-10-06 10:22:39,865 [INFO] ConfigFileManager:1457 - The Die is : DIE410
2023-10-06 10:22:41,769 [INFO] ProjectBuilder:4626 - Time for Generating toolchain IDE Files: 2452mS.
2023-10-06 10:22:41,769 [INFO] ProjectBuilder:2935 - Time for Copy CMSIS : 0mS.
2023-10-06 10:22:41,770 [INFO] ProjectBuilder:2935 - Time for Copy CMSIS : 0mS.
2023-10-06 10:24:53,872 [INFO] UtilMem:75 - End SaveConfig() Used Memory: 397254152 Bytes (874512384)
2023-10-06 10:24:54,156 [INFO] UtilMem:75 - End SaveConfig() Used Memory: 412451616 Bytes (874512384)
2023-10-06 10:24:54,812 [INFO] UtilMem:75 - End SaveConfig() Used Memory: 444821320 Bytes (874512384)
2023-10-06 10:24:54,995 [INFO] BlockDiagram:2759 - set Specific Code input for plugin: NVIC
2023-10-06 10:24:54,995 [INFO] BlockDiagram:2759 - set Specific Code input for plugin: GPIO
2023-10-06 10:24:54,995 [INFO] BlockDiagram:2759 - set Specific Code input for plugin: CAN
2023-10-06 10:24:54,995 [INFO] BlockDiagram:2759 - set Specific Code input for plugin: RCC
2023-10-06 10:24:54,995 [INFO] CodeGenerator:799 - code generatio: config db path: /opt/stm32cubeide/plugins/com.st.stm32cube.common.mx_6.9.1.202307191849//db/
2023-10-06 10:24:55,211 [INFO] CodeEngine:255 - oldGeneratedFile, /home/hronoz/STM32CubeIDE/workspace_1.13.1/can_hal_try/MXTmpFiles/license.tmp_save
2023-10-06 10:24:55,343 [INFO] CodeEngine:279 - Generated code: /home/hronoz/STM32CubeIDE/workspace_1.13.1/can_hal_try/MXTmpFiles/license.tmp
2023-10-06 10:24:55,355 [INFO] CodeEngine:255 - oldGeneratedFile, /home/hronoz/STM32CubeIDE/workspace_1.13.1/can_hal_try/MXTmpFiles/gpio.tmp_save
2023-10-06 10:24:55,447 [INFO] CodeEngine:279 - Generated code: /home/hronoz/STM32CubeIDE/workspace_1.13.1/can_hal_try/MXTmpFiles/gpio.tmp
2023-10-06 10:24:55,480 [INFO] CodeEngine:255 - oldGeneratedFile, /home/hronoz/STM32CubeIDE/workspace_1.13.1/can_hal_try/Core/Src/stm32f1xx_it.c_save
2023-10-06 10:24:55,635 [INFO] CodeEngine:279 - Generated code: /home/hronoz/STM32CubeIDE/workspace_1.13.1/can_hal_try/Core/Src/stm32f1xx_it.c
2023-10-06 10:24:55,643 [INFO] CodeEngine:255 - oldGeneratedFile, /home/hronoz/STM32CubeIDE/workspace_1.13.1/can_hal_try/Core/Inc/stm32f1xx_it.h_save
2023-10-06 10:24:55,781 [INFO] CodeEngine:279 - Generated code: /home/hronoz/STM32CubeIDE/workspace_1.13.1/can_hal_try/Core/Inc/stm32f1xx_it.h
2023-10-06 10:24:55,801 [INFO] CodeEngine:255 - oldGeneratedFile, /home/hronoz/STM32CubeIDE/workspace_1.13.1/can_hal_try/Core/Src/stm32f1xx_hal_msp.c_save
2023-10-06 10:24:55,948 [INFO] CodeEngine:279 - Generated code: /home/hronoz/STM32CubeIDE/workspace_1.13.1/can_hal_try/Core/Src/stm32f1xx_hal_msp.c
2023-10-06 10:24:55,952 [INFO] CodeEngine:255 - oldGeneratedFile, /home/hronoz/STM32CubeIDE/workspace_1.13.1/can_hal_try/MXTmpFiles/system.tmp_save
2023-10-06 10:24:56,156 [INFO] CodeEngine:279 - Generated code: /home/hronoz/STM32CubeIDE/workspace_1.13.1/can_hal_try/MXTmpFiles/system.tmp
2023-10-06 10:24:56,165 [INFO] CodeEngine:311 - oldGeneratedFile, /home/hronoz/STM32CubeIDE/workspace_1.13.1/can_hal_try/Core/Inc/stm32f1xx_hal_conf.h_save
2023-10-06 10:24:56,321 [INFO] CodeEngine:335 - Generated code: /home/hronoz/STM32CubeIDE/workspace_1.13.1/can_hal_try/Core/Inc/stm32f1xx_hal_conf.h
2023-10-06 10:24:56,350 [INFO] CodeEngine:255 - oldGeneratedFile, /home/hronoz/STM32CubeIDE/workspace_1.13.1/can_hal_try/Core/Inc/main.h_save
2023-10-06 10:24:56,482 [INFO] CodeEngine:279 - Generated code: /home/hronoz/STM32CubeIDE/workspace_1.13.1/can_hal_try/Core/Inc/main.h
2023-10-06 10:24:56,484 [INFO] CodeEngine:255 - oldGeneratedFile, /home/hronoz/STM32CubeIDE/workspace_1.13.1/can_hal_try/Core/Src/main.c_save
2023-10-06 10:24:56,661 [INFO] CodeEngine:279 - Generated code: /home/hronoz/STM32CubeIDE/workspace_1.13.1/can_hal_try/Core/Src/main.c
2023-10-06 10:24:57,296 [INFO] ProjectBuilder:3064 - Time for Copy HAL[1] : 20mS.
2023-10-06 10:24:57,298 [INFO] ProjectBuilder:4404 - Project Generator version: 4.1.0
2023-10-06 10:24:57,517 [INFO] ConfigFileManager:1457 - The Die is : DIE410
2023-10-06 10:24:59,320 [INFO] ProjectBuilder:4626 - Time for Generating toolchain IDE Files: 2021mS.
2023-10-06 10:24:59,321 [INFO] ProjectBuilder:2935 - Time for Copy CMSIS : 0mS.
2023-10-06 10:24:59,323 [INFO] ProjectBuilder:2935 - Time for Copy CMSIS : 1mS.
2023-10-06 10:29:50,018 [INFO] UtilMem:75 - End SaveConfig() Used Memory: 319385064 Bytes (978321408)
2023-10-06 10:29:50,266 [INFO] UtilMem:75 - End SaveConfig() Used Memory: 335640040 Bytes (978321408)
2023-10-06 10:29:50,892 [INFO] UtilMem:75 - End SaveConfig() Used Memory: 367097320 Bytes (978321408)
2023-10-06 10:29:51,131 [INFO] BlockDiagram:2759 - set Specific Code input for plugin: NVIC
2023-10-06 10:29:51,131 [INFO] BlockDiagram:2759 - set Specific Code input for plugin: GPIO
2023-10-06 10:29:51,131 [INFO] BlockDiagram:2759 - set Specific Code input for plugin: CAN
2023-10-06 10:29:51,132 [INFO] BlockDiagram:2759 - set Specific Code input for plugin: RCC
2023-10-06 10:29:51,132 [INFO] CodeGenerator:799 - code generatio: config db path: /opt/stm32cubeide/plugins/com.st.stm32cube.common.mx_6.9.1.202307191849//db/
2023-10-06 10:29:51,437 [INFO] CodeEngine:255 - oldGeneratedFile, /home/hronoz/STM32CubeIDE/workspace_1.13.1/can_hal_try/MXTmpFiles/license.tmp_save
2023-10-06 10:29:51,548 [INFO] CodeEngine:279 - Generated code: /home/hronoz/STM32CubeIDE/workspace_1.13.1/can_hal_try/MXTmpFiles/license.tmp
2023-10-06 10:29:51,564 [INFO] CodeEngine:255 - oldGeneratedFile, /home/hronoz/STM32CubeIDE/workspace_1.13.1/can_hal_try/MXTmpFiles/gpio.tmp_save
2023-10-06 10:29:51,681 [INFO] CodeEngine:279 - Generated code: /home/hronoz/STM32CubeIDE/workspace_1.13.1/can_hal_try/MXTmpFiles/gpio.tmp
2023-10-06 10:29:51,712 [INFO] CodeEngine:255 - oldGeneratedFile, /home/hronoz/STM32CubeIDE/workspace_1.13.1/can_hal_try/Core/Src/stm32f1xx_it.c_save
2023-10-06 10:29:51,844 [INFO] CodeEngine:279 - Generated code: /home/hronoz/STM32CubeIDE/workspace_1.13.1/can_hal_try/Core/Src/stm32f1xx_it.c
2023-10-06 10:29:51,848 [INFO] CodeEngine:255 - oldGeneratedFile, /home/hronoz/STM32CubeIDE/workspace_1.13.1/can_hal_try/Core/Inc/stm32f1xx_it.h_save
2023-10-06 10:29:51,956 [INFO] CodeEngine:279 - Generated code: /home/hronoz/STM32CubeIDE/workspace_1.13.1/can_hal_try/Core/Inc/stm32f1xx_it.h
2023-10-06 10:29:51,970 [INFO] CodeEngine:255 - oldGeneratedFile, /home/hronoz/STM32CubeIDE/workspace_1.13.1/can_hal_try/Core/Src/stm32f1xx_hal_msp.c_save
2023-10-06 10:29:52,097 [INFO] CodeEngine:279 - Generated code: /home/hronoz/STM32CubeIDE/workspace_1.13.1/can_hal_try/Core/Src/stm32f1xx_hal_msp.c
2023-10-06 10:29:52,100 [INFO] CodeEngine:255 - oldGeneratedFile, /home/hronoz/STM32CubeIDE/workspace_1.13.1/can_hal_try/MXTmpFiles/system.tmp_save
2023-10-06 10:29:52,176 [INFO] CodeEngine:279 - Generated code: /home/hronoz/STM32CubeIDE/workspace_1.13.1/can_hal_try/MXTmpFiles/system.tmp
2023-10-06 10:29:52,183 [INFO] CodeEngine:311 - oldGeneratedFile, /home/hronoz/STM32CubeIDE/workspace_1.13.1/can_hal_try/Core/Inc/stm32f1xx_hal_conf.h_save
2023-10-06 10:29:52,321 [INFO] CodeEngine:335 - Generated code: /home/hronoz/STM32CubeIDE/workspace_1.13.1/can_hal_try/Core/Inc/stm32f1xx_hal_conf.h
2023-10-06 10:29:52,348 [INFO] CodeEngine:255 - oldGeneratedFile, /home/hronoz/STM32CubeIDE/workspace_1.13.1/can_hal_try/Core/Inc/main.h_save
2023-10-06 10:29:52,430 [INFO] CodeEngine:279 - Generated code: /home/hronoz/STM32CubeIDE/workspace_1.13.1/can_hal_try/Core/Inc/main.h
2023-10-06 10:29:52,432 [INFO] CodeEngine:255 - oldGeneratedFile, /home/hronoz/STM32CubeIDE/workspace_1.13.1/can_hal_try/Core/Src/main.c_save
2023-10-06 10:29:52,609 [INFO] CodeEngine:279 - Generated code: /home/hronoz/STM32CubeIDE/workspace_1.13.1/can_hal_try/Core/Src/main.c
2023-10-06 10:29:52,940 [INFO] ProjectBuilder:3064 - Time for Copy HAL[1] : 10mS.
2023-10-06 10:29:52,941 [INFO] ProjectBuilder:4404 - Project Generator version: 4.1.0
2023-10-06 10:29:53,593 [INFO] ConfigFileManager:1457 - The Die is : DIE410
2023-10-06 10:29:55,595 [INFO] ProjectBuilder:4626 - Time for Generating toolchain IDE Files: 2653mS.
2023-10-06 10:29:55,597 [INFO] ProjectBuilder:2935 - Time for Copy CMSIS : 1mS.
2023-10-06 10:29:55,599 [INFO] ProjectBuilder:2935 - Time for Copy CMSIS : 0mS.
2023-10-06 10:30:18,402 [INFO] UtilMem:75 - End SaveConfig() Used Memory: 288439256 Bytes (1017118720)
2023-10-06 10:30:18,596 [INFO] UtilMem:75 - End SaveConfig() Used Memory: 302674840 Bytes (1017118720)
2023-10-06 10:30:19,107 [INFO] UtilMem:75 - End SaveConfig() Used Memory: 335140864 Bytes (1017118720)
2023-10-06 10:30:19,357 [INFO] BlockDiagram:2759 - set Specific Code input for plugin: NVIC
2023-10-06 10:30:19,358 [INFO] BlockDiagram:2759 - set Specific Code input for plugin: GPIO
2023-10-06 10:30:19,359 [INFO] BlockDiagram:2759 - set Specific Code input for plugin: CAN
2023-10-06 10:30:19,359 [INFO] BlockDiagram:2759 - set Specific Code input for plugin: RCC
2023-10-06 10:30:19,360 [INFO] CodeGenerator:799 - code generatio: config db path: /opt/stm32cubeide/plugins/com.st.stm32cube.common.mx_6.9.1.202307191849//db/
2023-10-06 10:30:19,577 [INFO] CodeEngine:255 - oldGeneratedFile, /home/hronoz/STM32CubeIDE/workspace_1.13.1/can_hal_try/MXTmpFiles/license.tmp_save
2023-10-06 10:30:19,665 [INFO] CodeEngine:279 - Generated code: /home/hronoz/STM32CubeIDE/workspace_1.13.1/can_hal_try/MXTmpFiles/license.tmp
2023-10-06 10:30:19,674 [INFO] CodeEngine:255 - oldGeneratedFile, /home/hronoz/STM32CubeIDE/workspace_1.13.1/can_hal_try/MXTmpFiles/gpio.tmp_save
2023-10-06 10:30:19,759 [INFO] CodeEngine:279 - Generated code: /home/hronoz/STM32CubeIDE/workspace_1.13.1/can_hal_try/MXTmpFiles/gpio.tmp
2023-10-06 10:30:19,789 [INFO] CodeEngine:255 - oldGeneratedFile, /home/hronoz/STM32CubeIDE/workspace_1.13.1/can_hal_try/Core/Src/stm32f1xx_it.c_save
2023-10-06 10:30:19,871 [INFO] CodeEngine:279 - Generated code: /home/hronoz/STM32CubeIDE/workspace_1.13.1/can_hal_try/Core/Src/stm32f1xx_it.c
2023-10-06 10:30:19,874 [INFO] CodeEngine:255 - oldGeneratedFile, /home/hronoz/STM32CubeIDE/workspace_1.13.1/can_hal_try/Core/Inc/stm32f1xx_it.h_save
2023-10-06 10:30:19,950 [INFO] CodeEngine:279 - Generated code: /home/hronoz/STM32CubeIDE/workspace_1.13.1/can_hal_try/Core/Inc/stm32f1xx_it.h
2023-10-06 10:30:19,965 [INFO] CodeEngine:255 - oldGeneratedFile, /home/hronoz/STM32CubeIDE/workspace_1.13.1/can_hal_try/Core/Src/stm32f1xx_hal_msp.c_save
2023-10-06 10:30:20,084 [INFO] CodeEngine:279 - Generated code: /home/hronoz/STM32CubeIDE/workspace_1.13.1/can_hal_try/Core/Src/stm32f1xx_hal_msp.c
2023-10-06 10:30:20,087 [INFO] CodeEngine:255 - oldGeneratedFile, /home/hronoz/STM32CubeIDE/workspace_1.13.1/can_hal_try/MXTmpFiles/system.tmp_save
2023-10-06 10:30:20,165 [INFO] CodeEngine:279 - Generated code: /home/hronoz/STM32CubeIDE/workspace_1.13.1/can_hal_try/MXTmpFiles/system.tmp
2023-10-06 10:30:20,169 [INFO] CodeEngine:311 - oldGeneratedFile, /home/hronoz/STM32CubeIDE/workspace_1.13.1/can_hal_try/Core/Inc/stm32f1xx_hal_conf.h_save
2023-10-06 10:30:20,251 [INFO] CodeEngine:335 - Generated code: /home/hronoz/STM32CubeIDE/workspace_1.13.1/can_hal_try/Core/Inc/stm32f1xx_hal_conf.h
2023-10-06 10:30:20,280 [INFO] CodeEngine:255 - oldGeneratedFile, /home/hronoz/STM32CubeIDE/workspace_1.13.1/can_hal_try/Core/Inc/main.h_save
2023-10-06 10:30:20,350 [INFO] CodeEngine:279 - Generated code: /home/hronoz/STM32CubeIDE/workspace_1.13.1/can_hal_try/Core/Inc/main.h
2023-10-06 10:30:20,351 [INFO] CodeEngine:255 - oldGeneratedFile, /home/hronoz/STM32CubeIDE/workspace_1.13.1/can_hal_try/Core/Src/main.c_save
2023-10-06 10:30:20,455 [INFO] CodeEngine:279 - Generated code: /home/hronoz/STM32CubeIDE/workspace_1.13.1/can_hal_try/Core/Src/main.c
2023-10-06 10:30:20,869 [INFO] ProjectBuilder:3064 - Time for Copy HAL[1] : 18mS.
2023-10-06 10:30:20,871 [INFO] ProjectBuilder:4404 - Project Generator version: 4.1.0
2023-10-06 10:30:21,312 [INFO] ConfigFileManager:1457 - The Die is : DIE410
2023-10-06 10:30:22,927 [INFO] ProjectBuilder:4626 - Time for Generating toolchain IDE Files: 2056mS.
2023-10-06 10:30:22,927 [INFO] ProjectBuilder:2935 - Time for Copy CMSIS : 0mS.
2023-10-06 10:30:22,928 [INFO] ProjectBuilder:2935 - Time for Copy CMSIS : 0mS.
2023-10-06 10:35:55,610 [ERROR] ConfigurationRetriever:142 - IOException on connection: sw-center.st.com
2023-10-06 10:35:55,612 [ERROR] ConfigurationRetriever:142 - IOException on connection: sw-center.st.com
2023-10-06 10:35:55,612 [ERROR] ConfigurationRetriever:142 - IOException on connection: sw-center.st.com
2023-10-06 10:40:27,276 [INFO] NvicIntPanel:101 - NVIC parent = com.st.microxplorer.plugins.ip.nvic.MultiNvicIntPanel[,0,0,0x0,invalid,layout=javax.swing.BoxLayout,alignmentX=0.0,alignmentY=0.0,border=,flags=9,maximumSize=,minimumSize=,preferredSize=]
2023-10-06 10:40:33,358 [INFO] UtilMem:75 - End SaveConfig() Used Memory: 411834544 Bytes (884998144)
2023-10-06 10:40:33,638 [INFO] UtilMem:75 - End SaveConfig() Used Memory: 468979888 Bytes (884998144)
2023-10-06 10:40:34,208 [INFO] UtilMem:75 - End SaveConfig() Used Memory: 504631472 Bytes (884998144)
2023-10-06 10:40:34,378 [INFO] BlockDiagram:2759 - set Specific Code input for plugin: NVIC
2023-10-06 10:40:34,379 [INFO] BlockDiagram:2759 - set Specific Code input for plugin: GPIO
2023-10-06 10:40:34,379 [INFO] BlockDiagram:2759 - set Specific Code input for plugin: CAN
2023-10-06 10:40:34,379 [INFO] BlockDiagram:2759 - set Specific Code input for plugin: RCC
2023-10-06 10:40:34,379 [INFO] CodeGenerator:799 - code generatio: config db path: /opt/stm32cubeide/plugins/com.st.stm32cube.common.mx_6.9.1.202307191849//db/
2023-10-06 10:40:34,638 [INFO] CodeEngine:255 - oldGeneratedFile, /home/hronoz/STM32CubeIDE/workspace_1.13.1/can_hal_try/MXTmpFiles/license.tmp_save
2023-10-06 10:40:34,749 [INFO] CodeEngine:279 - Generated code: /home/hronoz/STM32CubeIDE/workspace_1.13.1/can_hal_try/MXTmpFiles/license.tmp
2023-10-06 10:40:34,759 [INFO] CodeEngine:255 - oldGeneratedFile, /home/hronoz/STM32CubeIDE/workspace_1.13.1/can_hal_try/MXTmpFiles/gpio.tmp_save
2023-10-06 10:40:34,841 [INFO] CodeEngine:279 - Generated code: /home/hronoz/STM32CubeIDE/workspace_1.13.1/can_hal_try/MXTmpFiles/gpio.tmp
2023-10-06 10:40:34,854 [INFO] CodeEngine:255 - oldGeneratedFile, /home/hronoz/STM32CubeIDE/workspace_1.13.1/can_hal_try/Core/Src/stm32f1xx_it.c_save
2023-10-06 10:40:34,939 [INFO] CodeEngine:279 - Generated code: /home/hronoz/STM32CubeIDE/workspace_1.13.1/can_hal_try/Core/Src/stm32f1xx_it.c
2023-10-06 10:40:34,942 [INFO] CodeEngine:255 - oldGeneratedFile, /home/hronoz/STM32CubeIDE/workspace_1.13.1/can_hal_try/Core/Inc/stm32f1xx_it.h_save
2023-10-06 10:40:35,032 [INFO] CodeEngine:279 - Generated code: /home/hronoz/STM32CubeIDE/workspace_1.13.1/can_hal_try/Core/Inc/stm32f1xx_it.h
2023-10-06 10:40:35,056 [INFO] CodeEngine:255 - oldGeneratedFile, /home/hronoz/STM32CubeIDE/workspace_1.13.1/can_hal_try/Core/Src/stm32f1xx_hal_msp.c_save
2023-10-06 10:40:35,184 [INFO] CodeEngine:279 - Generated code: /home/hronoz/STM32CubeIDE/workspace_1.13.1/can_hal_try/Core/Src/stm32f1xx_hal_msp.c
2023-10-06 10:40:35,186 [INFO] CodeEngine:255 - oldGeneratedFile, /home/hronoz/STM32CubeIDE/workspace_1.13.1/can_hal_try/MXTmpFiles/system.tmp_save
2023-10-06 10:40:35,277 [INFO] CodeEngine:279 - Generated code: /home/hronoz/STM32CubeIDE/workspace_1.13.1/can_hal_try/MXTmpFiles/system.tmp
2023-10-06 10:40:35,279 [INFO] CodeEngine:311 - oldGeneratedFile, /home/hronoz/STM32CubeIDE/workspace_1.13.1/can_hal_try/Core/Inc/stm32f1xx_hal_conf.h_save
2023-10-06 10:40:35,354 [INFO] CodeEngine:335 - Generated code: /home/hronoz/STM32CubeIDE/workspace_1.13.1/can_hal_try/Core/Inc/stm32f1xx_hal_conf.h
2023-10-06 10:40:35,384 [INFO] CodeEngine:255 - oldGeneratedFile, /home/hronoz/STM32CubeIDE/workspace_1.13.1/can_hal_try/Core/Inc/main.h_save
2023-10-06 10:40:35,463 [INFO] CodeEngine:279 - Generated code: /home/hronoz/STM32CubeIDE/workspace_1.13.1/can_hal_try/Core/Inc/main.h
2023-10-06 10:40:35,464 [INFO] CodeEngine:255 - oldGeneratedFile, /home/hronoz/STM32CubeIDE/workspace_1.13.1/can_hal_try/Core/Src/main.c_save
2023-10-06 10:40:35,576 [INFO] CodeEngine:279 - Generated code: /home/hronoz/STM32CubeIDE/workspace_1.13.1/can_hal_try/Core/Src/main.c
2023-10-06 10:40:36,033 [INFO] ProjectBuilder:3064 - Time for Copy HAL[1] : 15mS.
2023-10-06 10:40:36,034 [INFO] ProjectBuilder:4404 - Project Generator version: 4.1.0
2023-10-06 10:40:36,474 [INFO] ConfigFileManager:1457 - The Die is : DIE410
2023-10-06 10:40:38,637 [INFO] ProjectBuilder:4626 - Time for Generating toolchain IDE Files: 2603mS.
2023-10-06 10:40:38,637 [INFO] ProjectBuilder:2935 - Time for Copy CMSIS : 0mS.
2023-10-06 10:40:38,638 [INFO] ProjectBuilder:2935 - Time for Copy CMSIS : 0mS.
2023-10-06 10:41:43,359 [INFO] UtilMem:75 - End SaveConfig() Used Memory: 565366896 Bytes (960495616)
2023-10-06 10:41:43,634 [INFO] UtilMem:75 - End SaveConfig() Used Memory: 580542432 Bytes (960495616)
2023-10-06 10:41:44,213 [INFO] UtilMem:75 - End SaveConfig() Used Memory: 611764352 Bytes (960495616)
2023-10-06 10:41:44,461 [INFO] BlockDiagram:2759 - set Specific Code input for plugin: NVIC
2023-10-06 10:41:44,463 [INFO] BlockDiagram:2759 - set Specific Code input for plugin: GPIO
2023-10-06 10:41:44,464 [INFO] BlockDiagram:2759 - set Specific Code input for plugin: CAN
2023-10-06 10:41:44,464 [INFO] BlockDiagram:2759 - set Specific Code input for plugin: RCC
2023-10-06 10:41:44,465 [INFO] CodeGenerator:799 - code generatio: config db path: /opt/stm32cubeide/plugins/com.st.stm32cube.common.mx_6.9.1.202307191849//db/
2023-10-06 10:41:44,666 [INFO] CodeEngine:255 - oldGeneratedFile, /home/hronoz/STM32CubeIDE/workspace_1.13.1/can_hal_try/MXTmpFiles/license.tmp_save
2023-10-06 10:41:44,737 [INFO] CodeEngine:279 - Generated code: /home/hronoz/STM32CubeIDE/workspace_1.13.1/can_hal_try/MXTmpFiles/license.tmp
2023-10-06 10:41:44,745 [INFO] CodeEngine:255 - oldGeneratedFile, /home/hronoz/STM32CubeIDE/workspace_1.13.1/can_hal_try/MXTmpFiles/gpio.tmp_save
2023-10-06 10:41:44,828 [INFO] CodeEngine:279 - Generated code: /home/hronoz/STM32CubeIDE/workspace_1.13.1/can_hal_try/MXTmpFiles/gpio.tmp
2023-10-06 10:41:44,855 [INFO] CodeEngine:255 - oldGeneratedFile, /home/hronoz/STM32CubeIDE/workspace_1.13.1/can_hal_try/Core/Src/stm32f1xx_it.c_save
2023-10-06 10:41:44,934 [INFO] CodeEngine:279 - Generated code: /home/hronoz/STM32CubeIDE/workspace_1.13.1/can_hal_try/Core/Src/stm32f1xx_it.c
2023-10-06 10:41:44,936 [INFO] CodeEngine:255 - oldGeneratedFile, /home/hronoz/STM32CubeIDE/workspace_1.13.1/can_hal_try/Core/Inc/stm32f1xx_it.h_save
2023-10-06 10:41:44,991 [INFO] CodeEngine:279 - Generated code: /home/hronoz/STM32CubeIDE/workspace_1.13.1/can_hal_try/Core/Inc/stm32f1xx_it.h
2023-10-06 10:41:45,018 [INFO] CodeEngine:255 - oldGeneratedFile, /home/hronoz/STM32CubeIDE/workspace_1.13.1/can_hal_try/Core/Src/stm32f1xx_hal_msp.c_save
2023-10-06 10:41:45,112 [INFO] CodeEngine:279 - Generated code: /home/hronoz/STM32CubeIDE/workspace_1.13.1/can_hal_try/Core/Src/stm32f1xx_hal_msp.c
2023-10-06 10:41:45,114 [INFO] CodeEngine:255 - oldGeneratedFile, /home/hronoz/STM32CubeIDE/workspace_1.13.1/can_hal_try/MXTmpFiles/system.tmp_save
2023-10-06 10:41:45,187 [INFO] CodeEngine:279 - Generated code: /home/hronoz/STM32CubeIDE/workspace_1.13.1/can_hal_try/MXTmpFiles/system.tmp
2023-10-06 10:41:45,188 [INFO] CodeEngine:311 - oldGeneratedFile, /home/hronoz/STM32CubeIDE/workspace_1.13.1/can_hal_try/Core/Inc/stm32f1xx_hal_conf.h_save
2023-10-06 10:41:45,258 [INFO] CodeEngine:335 - Generated code: /home/hronoz/STM32CubeIDE/workspace_1.13.1/can_hal_try/Core/Inc/stm32f1xx_hal_conf.h
2023-10-06 10:41:45,272 [INFO] CodeEngine:255 - oldGeneratedFile, /home/hronoz/STM32CubeIDE/workspace_1.13.1/can_hal_try/Core/Inc/main.h_save
2023-10-06 10:41:45,333 [INFO] CodeEngine:279 - Generated code: /home/hronoz/STM32CubeIDE/workspace_1.13.1/can_hal_try/Core/Inc/main.h
2023-10-06 10:41:45,336 [INFO] CodeEngine:255 - oldGeneratedFile, /home/hronoz/STM32CubeIDE/workspace_1.13.1/can_hal_try/Core/Src/main.c_save
2023-10-06 10:41:45,431 [INFO] CodeEngine:279 - Generated code: /home/hronoz/STM32CubeIDE/workspace_1.13.1/can_hal_try/Core/Src/main.c
2023-10-06 10:41:45,851 [INFO] ProjectBuilder:3064 - Time for Copy HAL[1] : 20mS.
2023-10-06 10:41:45,853 [INFO] ProjectBuilder:4404 - Project Generator version: 4.1.0
2023-10-06 10:41:46,298 [INFO] ConfigFileManager:1457 - The Die is : DIE410
2023-10-06 10:41:47,955 [INFO] ProjectBuilder:4626 - Time for Generating toolchain IDE Files: 2102mS.
2023-10-06 10:41:47,956 [INFO] ProjectBuilder:2935 - Time for Copy CMSIS : 0mS.
2023-10-06 10:41:47,959 [INFO] ProjectBuilder:2935 - Time for Copy CMSIS : 0mS.
2023-10-06 10:46:36,672 [INFO] NvicIntPanel:101 - NVIC parent = com.st.microxplorer.plugins.ip.nvic.MultiNvicIntPanel[,0,0,0x0,invalid,layout=javax.swing.BoxLayout,alignmentX=0.0,alignmentY=0.0,border=,flags=9,maximumSize=,minimumSize=,preferredSize=]
2023-10-06 10:46:36,741 [INFO] NvicIntPanel:101 - NVIC parent = com.st.microxplorer.plugins.ip.nvic.MultiNvicIntPanel[,0,0,0x0,invalid,layout=javax.swing.BoxLayout,alignmentX=0.0,alignmentY=0.0,border=,flags=9,maximumSize=,minimumSize=,preferredSize=]
2023-10-06 10:46:39,440 [INFO] NvicIntPanel:101 - NVIC parent = com.st.microxplorer.plugins.ip.nvic.MultiNvicIntPanel[,0,0,0x0,invalid,layout=javax.swing.BoxLayout,alignmentX=0.0,alignmentY=0.0,border=,flags=9,maximumSize=,minimumSize=,preferredSize=]
2023-10-06 10:46:39,541 [INFO] NvicIntPanel:101 - NVIC parent = com.st.microxplorer.plugins.ip.nvic.MultiNvicIntPanel[,0,0,0x0,invalid,layout=javax.swing.BoxLayout,alignmentX=0.0,alignmentY=0.0,border=,flags=9,maximumSize=,minimumSize=,preferredSize=]
2023-10-06 10:46:43,364 [INFO] NvicIntPanel:101 - NVIC parent = com.st.microxplorer.plugins.ip.nvic.MultiNvicIntPanel[,0,0,0x0,invalid,layout=javax.swing.BoxLayout,alignmentX=0.0,alignmentY=0.0,border=,flags=9,maximumSize=,minimumSize=,preferredSize=]
2023-10-06 10:46:43,494 [INFO] NvicIntPanel:101 - NVIC parent = com.st.microxplorer.plugins.ip.nvic.MultiNvicIntPanel[,0,0,0x0,invalid,layout=javax.swing.BoxLayout,alignmentX=0.0,alignmentY=0.0,border=,flags=9,maximumSize=,minimumSize=,preferredSize=]
2023-10-06 10:47:05,609 [INFO] NvicIntPanel:101 - NVIC parent = com.st.microxplorer.plugins.ip.nvic.MultiNvicIntPanel[,0,0,0x0,invalid,layout=javax.swing.BoxLayout,alignmentX=0.0,alignmentY=0.0,border=,flags=9,maximumSize=,minimumSize=,preferredSize=]
2023-10-06 10:47:05,721 [INFO] NvicIntPanel:101 - NVIC parent = com.st.microxplorer.plugins.ip.nvic.MultiNvicIntPanel[,0,0,0x0,invalid,layout=javax.swing.BoxLayout,alignmentX=0.0,alignmentY=0.0,border=,flags=9,maximumSize=,minimumSize=,preferredSize=]
2023-10-06 10:47:07,278 [INFO] NvicIntPanel:101 - NVIC parent = com.st.microxplorer.plugins.ip.nvic.MultiNvicIntPanel[,0,0,0x0,invalid,layout=javax.swing.BoxLayout,alignmentX=0.0,alignmentY=0.0,border=,flags=9,maximumSize=,minimumSize=,preferredSize=]
2023-10-06 10:47:07,387 [INFO] NvicIntPanel:101 - NVIC parent = com.st.microxplorer.plugins.ip.nvic.MultiNvicIntPanel[,0,0,0x0,invalid,layout=javax.swing.BoxLayout,alignmentX=0.0,alignmentY=0.0,border=,flags=9,maximumSize=,minimumSize=,preferredSize=]
2023-10-06 10:47:13,628 [INFO] UtilMem:75 - End SaveConfig() Used Memory: 492654288 Bytes (825229312)
2023-10-06 10:47:13,655 [ERROR] ConfigurationRetriever:142 - IOException on connection: sw-center.st.com
2023-10-06 10:47:13,656 [ERROR] ConfigurationRetriever:142 - IOException on connection: sw-center.st.com
2023-10-06 10:47:13,656 [ERROR] ConfigurationRetriever:142 - IOException on connection: sw-center.st.com
2023-10-06 10:47:13,806 [INFO] UtilMem:75 - End SaveConfig() Used Memory: 507192504 Bytes (825229312)
2023-10-06 10:47:14,484 [INFO] UtilMem:75 - End SaveConfig() Used Memory: 542057672 Bytes (825229312)
2023-10-06 10:47:14,686 [INFO] BlockDiagram:2759 - set Specific Code input for plugin: NVIC
2023-10-06 10:47:14,688 [INFO] BlockDiagram:2759 - set Specific Code input for plugin: GPIO
2023-10-06 10:47:14,689 [INFO] BlockDiagram:2759 - set Specific Code input for plugin: CAN
2023-10-06 10:47:14,689 [INFO] BlockDiagram:2759 - set Specific Code input for plugin: RCC
2023-10-06 10:47:14,690 [INFO] CodeGenerator:799 - code generatio: config db path: /opt/stm32cubeide/plugins/com.st.stm32cube.common.mx_6.9.1.202307191849//db/
2023-10-06 10:47:15,090 [INFO] CodeEngine:255 - oldGeneratedFile, /home/hronoz/STM32CubeIDE/workspace_1.13.1/can_hal_try/MXTmpFiles/license.tmp_save
2023-10-06 10:47:15,179 [INFO] CodeEngine:279 - Generated code: /home/hronoz/STM32CubeIDE/workspace_1.13.1/can_hal_try/MXTmpFiles/license.tmp
2023-10-06 10:47:15,188 [INFO] CodeEngine:255 - oldGeneratedFile, /home/hronoz/STM32CubeIDE/workspace_1.13.1/can_hal_try/MXTmpFiles/gpio.tmp_save
2023-10-06 10:47:15,400 [INFO] CodeEngine:279 - Generated code: /home/hronoz/STM32CubeIDE/workspace_1.13.1/can_hal_try/MXTmpFiles/gpio.tmp
2023-10-06 10:47:15,446 [INFO] CodeEngine:255 - oldGeneratedFile, /home/hronoz/STM32CubeIDE/workspace_1.13.1/can_hal_try/Core/Src/stm32f1xx_it.c_save
2023-10-06 10:47:15,560 [INFO] CodeEngine:279 - Generated code: /home/hronoz/STM32CubeIDE/workspace_1.13.1/can_hal_try/Core/Src/stm32f1xx_it.c
2023-10-06 10:47:15,564 [INFO] CodeEngine:255 - oldGeneratedFile, /home/hronoz/STM32CubeIDE/workspace_1.13.1/can_hal_try/Core/Inc/stm32f1xx_it.h_save
2023-10-06 10:47:15,672 [INFO] CodeEngine:279 - Generated code: /home/hronoz/STM32CubeIDE/workspace_1.13.1/can_hal_try/Core/Inc/stm32f1xx_it.h
2023-10-06 10:47:15,692 [INFO] CodeEngine:255 - oldGeneratedFile, /home/hronoz/STM32CubeIDE/workspace_1.13.1/can_hal_try/Core/Src/stm32f1xx_hal_msp.c_save
2023-10-06 10:47:15,844 [INFO] CodeEngine:279 - Generated code: /home/hronoz/STM32CubeIDE/workspace_1.13.1/can_hal_try/Core/Src/stm32f1xx_hal_msp.c
2023-10-06 10:47:15,848 [INFO] CodeEngine:255 - oldGeneratedFile, /home/hronoz/STM32CubeIDE/workspace_1.13.1/can_hal_try/MXTmpFiles/system.tmp_save
2023-10-06 10:47:15,945 [INFO] CodeEngine:279 - Generated code: /home/hronoz/STM32CubeIDE/workspace_1.13.1/can_hal_try/MXTmpFiles/system.tmp
2023-10-06 10:47:15,957 [INFO] CodeEngine:311 - oldGeneratedFile, /home/hronoz/STM32CubeIDE/workspace_1.13.1/can_hal_try/Core/Inc/stm32f1xx_hal_conf.h_save
2023-10-06 10:47:16,105 [INFO] CodeEngine:335 - Generated code: /home/hronoz/STM32CubeIDE/workspace_1.13.1/can_hal_try/Core/Inc/stm32f1xx_hal_conf.h
2023-10-06 10:47:16,143 [INFO] CodeEngine:255 - oldGeneratedFile, /home/hronoz/STM32CubeIDE/workspace_1.13.1/can_hal_try/Core/Inc/main.h_save
2023-10-06 10:47:16,284 [INFO] CodeEngine:279 - Generated code: /home/hronoz/STM32CubeIDE/workspace_1.13.1/can_hal_try/Core/Inc/main.h
2023-10-06 10:47:16,289 [INFO] CodeEngine:255 - oldGeneratedFile, /home/hronoz/STM32CubeIDE/workspace_1.13.1/can_hal_try/Core/Src/main.c_save
2023-10-06 10:47:16,446 [INFO] CodeEngine:279 - Generated code: /home/hronoz/STM32CubeIDE/workspace_1.13.1/can_hal_try/Core/Src/main.c
2023-10-06 10:47:17,326 [INFO] ProjectBuilder:3064 - Time for Copy HAL[1] : 36mS.
2023-10-06 10:47:17,329 [INFO] ProjectBuilder:4404 - Project Generator version: 4.1.0
2023-10-06 10:47:17,889 [INFO] ConfigFileManager:1457 - The Die is : DIE410
2023-10-06 10:47:19,917 [INFO] ProjectBuilder:4626 - Time for Generating toolchain IDE Files: 2588mS.
2023-10-06 10:47:19,918 [INFO] ProjectBuilder:2935 - Time for Copy CMSIS : 1mS.
2023-10-06 10:47:19,919 [INFO] ProjectBuilder:2935 - Time for Copy CMSIS : 0mS.
2023-10-06 10:47:28,575 [ERROR] ConfigurationRetriever:142 - IOException on connection: sw-center.st.com
2023-10-06 10:47:28,577 [ERROR] ConfigurationRetriever:142 - IOException on connection: sw-center.st.com
2023-10-06 10:47:28,579 [ERROR] ConfigurationRetriever:142 - IOException on connection: sw-center.st.com
2023-10-06 10:47:28,930 [ERROR] ConfigurationRetriever:142 - IOException on connection: sw-center.st.com
2023-10-06 10:47:28,931 [ERROR] ConfigurationRetriever:142 - IOException on connection: sw-center.st.com
2023-10-06 10:47:28,931 [ERROR] ConfigurationRetriever:142 - IOException on connection: sw-center.st.com
2023-10-06 10:57:03,753 [INFO] NvicIntPanel:101 - NVIC parent = com.st.microxplorer.plugins.ip.nvic.MultiNvicIntPanel[,0,0,0x0,invalid,layout=javax.swing.BoxLayout,alignmentX=0.0,alignmentY=0.0,border=,flags=9,maximumSize=,minimumSize=,preferredSize=]
